2026-01-31 20:54: Experiment log path in: /root/autodl-tmp/ntk_project/ntk/log/in12_out6
2026-01-31 20:54: Train: (11882, 12, 62, 3), (11882, 6, 62, 3)
2026-01-31 20:54: Val: (1698, 12, 62, 3), (1698, 6, 62, 3)
2026-01-31 20:54: Test: (3395, 12, 62, 3), (3395, 6, 62, 3)
2026-01-31 20:54: memory_usage: (0.8125, 2.0)
2026-01-31 20:54: Applying learning rate decay.
2026-01-31 20:54: *****************Model Parameter*****************
2026-01-31 20:54: data_l torch.Size([64]) True
2026-01-31 20:54: tod_embedding_l torch.Size([32]) True
2026-01-31 20:54: dow_embedding_l torch.Size([32]) True
2026-01-31 20:54: tod_embedding.weight torch.Size([288, 32]) True
2026-01-31 20:54: dow_embedding.weight torch.Size([7, 32]) True
2026-01-31 20:54: SpatialEmbedding.B_sp torch.Size([307, 32]) True
2026-01-31 20:54: SpatialEmbedding.B_su torch.Size([307, 32]) True
2026-01-31 20:54: data_embedding.weight torch.Size([64, 1]) True
2026-01-31 20:54: data_embedding.bias torch.Size([64]) True
2026-01-31 20:54: MLPA.blocks.0.linear.weight torch.Size([64, 64]) True
2026-01-31 20:54: MLPA.blocks.0.linear.bias torch.Size([64]) True
2026-01-31 20:54: MLPA.blocks.0.norm.weight torch.Size([64]) True
2026-01-31 20:54: MLPA.blocks.0.norm.bias torch.Size([64]) True
2026-01-31 20:54: MLPB.blocks.0.linear.weight torch.Size([64, 64]) True
2026-01-31 20:54: MLPB.blocks.0.linear.bias torch.Size([64]) True
2026-01-31 20:54: MLPB.blocks.0.norm.weight torch.Size([64]) True
2026-01-31 20:54: MLPB.blocks.0.norm.bias torch.Size([64]) True
2026-01-31 20:54: MLPC.blocks.0.linear.weight torch.Size([64, 64]) True
2026-01-31 20:54: MLPC.blocks.0.linear.bias torch.Size([64]) True
2026-01-31 20:54: MLPC.blocks.0.norm.weight torch.Size([64]) True
2026-01-31 20:54: MLPC.blocks.0.norm.bias torch.Size([64]) True
2026-01-31 20:54: MLPD.blocks.0.linear.weight torch.Size([128, 128]) True
2026-01-31 20:54: MLPD.blocks.0.linear.bias torch.Size([128]) True
2026-01-31 20:54: MLPD.blocks.0.norm.weight torch.Size([128]) True
2026-01-31 20:54: MLPD.blocks.0.norm.bias torch.Size([128]) True
2026-01-31 20:54: MLPE.blocks.0.linear.weight torch.Size([192, 192]) True
2026-01-31 20:54: MLPE.blocks.0.linear.bias torch.Size([192]) True
2026-01-31 20:54: MLPE.blocks.0.norm.weight torch.Size([192]) True
2026-01-31 20:54: MLPE.blocks.0.norm.bias torch.Size([192]) True
2026-01-31 20:54: MLPE.blocks.1.linear.weight torch.Size([192, 192]) True
2026-01-31 20:54: MLPE.blocks.1.linear.bias torch.Size([192]) True
2026-01-31 20:54: MLPE.blocks.1.norm.weight torch.Size([192]) True
2026-01-31 20:54: MLPE.blocks.1.norm.bias torch.Size([192]) True
2026-01-31 20:54: MLPE.blocks.2.linear.weight torch.Size([192, 192]) True
2026-01-31 20:54: MLPE.blocks.2.linear.bias torch.Size([192]) True
2026-01-31 20:54: MLPE.blocks.2.norm.weight torch.Size([192]) True
2026-01-31 20:54: MLPE.blocks.2.norm.bias torch.Size([192]) True
2026-01-31 20:54: MLPF.blocks.0.linear.weight torch.Size([12, 12]) True
2026-01-31 20:54: MLPF.blocks.0.linear.bias torch.Size([12]) True
2026-01-31 20:54: MLPF.blocks.0.norm.weight torch.Size([12]) True
2026-01-31 20:54: MLPF.blocks.0.norm.bias torch.Size([12]) True
2026-01-31 20:54: MLPF.blocks.1.linear.weight torch.Size([12, 12]) True
2026-01-31 20:54: MLPF.blocks.1.linear.bias torch.Size([12]) True
2026-01-31 20:54: MLPF.blocks.1.norm.weight torch.Size([12]) True
2026-01-31 20:54: MLPF.blocks.1.norm.bias torch.Size([12]) True
2026-01-31 20:54: steps_linear.weight torch.Size([6, 12]) True
2026-01-31 20:54: steps_linear.bias torch.Size([6]) True
2026-01-31 20:54: out_linear.weight torch.Size([1, 192]) True
2026-01-31 20:54: out_linear.bias torch.Size([1]) True
2026-01-31 20:54: gcn.filter_convs.0.tconv.0.weight torch.Size([4, 16, 1, 2]) True
2026-01-31 20:54: gcn.filter_convs.0.tconv.0.bias torch.Size([4]) True
2026-01-31 20:54: gcn.filter_convs.0.tconv.1.weight torch.Size([4, 16, 1, 3]) True
2026-01-31 20:54: gcn.filter_convs.0.tconv.1.bias torch.Size([4]) True
2026-01-31 20:54: gcn.filter_convs.0.tconv.2.weight torch.Size([4, 16, 1, 6]) True
2026-01-31 20:54: gcn.filter_convs.0.tconv.2.bias torch.Size([4]) True
2026-01-31 20:54: gcn.filter_convs.0.tconv.3.weight torch.Size([4, 16, 1, 7]) True
2026-01-31 20:54: gcn.filter_convs.0.tconv.3.bias torch.Size([4]) True
2026-01-31 20:54: gcn.filter_convs.1.tconv.0.weight torch.Size([4, 16, 1, 2]) True
2026-01-31 20:54: gcn.filter_convs.1.tconv.0.bias torch.Size([4]) True
2026-01-31 20:54: gcn.filter_convs.1.tconv.1.weight torch.Size([4, 16, 1, 3]) True
2026-01-31 20:54: gcn.filter_convs.1.tconv.1.bias torch.Size([4]) True
2026-01-31 20:54: gcn.filter_convs.1.tconv.2.weight torch.Size([4, 16, 1, 6]) True
2026-01-31 20:54: gcn.filter_convs.1.tconv.2.bias torch.Size([4]) True
2026-01-31 20:54: gcn.filter_convs.1.tconv.3.weight torch.Size([4, 16, 1, 7]) True
2026-01-31 20:54: gcn.filter_convs.1.tconv.3.bias torch.Size([4]) True
2026-01-31 20:54: gcn.gate_convs.0.tconv.0.weight torch.Size([4, 16, 1, 2]) True
2026-01-31 20:54: gcn.gate_convs.0.tconv.0.bias torch.Size([4]) True
2026-01-31 20:54: gcn.gate_convs.0.tconv.1.weight torch.Size([4, 16, 1, 3]) True
2026-01-31 20:54: gcn.gate_convs.0.tconv.1.bias torch.Size([4]) True
2026-01-31 20:54: gcn.gate_convs.0.tconv.2.weight torch.Size([4, 16, 1, 6]) True
2026-01-31 20:54: gcn.gate_convs.0.tconv.2.bias torch.Size([4]) True
2026-01-31 20:54: gcn.gate_convs.0.tconv.3.weight torch.Size([4, 16, 1, 7]) True
2026-01-31 20:54: gcn.gate_convs.0.tconv.3.bias torch.Size([4]) True
2026-01-31 20:54: gcn.gate_convs.1.tconv.0.weight torch.Size([4, 16, 1, 2]) True
2026-01-31 20:54: gcn.gate_convs.1.tconv.0.bias torch.Size([4]) True
2026-01-31 20:54: gcn.gate_convs.1.tconv.1.weight torch.Size([4, 16, 1, 3]) True
2026-01-31 20:54: gcn.gate_convs.1.tconv.1.bias torch.Size([4]) True
2026-01-31 20:54: gcn.gate_convs.1.tconv.2.weight torch.Size([4, 16, 1, 6]) True
2026-01-31 20:54: gcn.gate_convs.1.tconv.2.bias torch.Size([4]) True
2026-01-31 20:54: gcn.gate_convs.1.tconv.3.weight torch.Size([4, 16, 1, 7]) True
2026-01-31 20:54: gcn.gate_convs.1.tconv.3.bias torch.Size([4]) True
2026-01-31 20:54: gcn.residual_convs.0.weight torch.Size([16, 16, 1, 1]) True
2026-01-31 20:54: gcn.residual_convs.0.bias torch.Size([16]) True
2026-01-31 20:54: gcn.residual_convs.1.weight torch.Size([16, 16, 1, 1]) True
2026-01-31 20:54: gcn.residual_convs.1.bias torch.Size([16]) True
2026-01-31 20:54: gcn.skip_convs.0.weight torch.Size([32, 16, 1, 7]) True
2026-01-31 20:54: gcn.skip_convs.0.bias torch.Size([32]) True
2026-01-31 20:54: gcn.skip_convs.1.weight torch.Size([32, 16, 1, 1]) True
2026-01-31 20:54: gcn.skip_convs.1.bias torch.Size([32]) True
2026-01-31 20:54: gcn.gconv1.0.mlp.mlp.weight torch.Size([16, 48, 1, 1]) True
2026-01-31 20:54: gcn.gconv1.0.mlp.mlp.bias torch.Size([16]) True
2026-01-31 20:54: gcn.gconv1.1.mlp.mlp.weight torch.Size([16, 48, 1, 1]) True
2026-01-31 20:54: gcn.gconv1.1.mlp.mlp.bias torch.Size([16]) True
2026-01-31 20:54: gcn.gconv2.0.mlp.mlp.weight torch.Size([16, 48, 1, 1]) True
2026-01-31 20:54: gcn.gconv2.0.mlp.mlp.bias torch.Size([16]) True
2026-01-31 20:54: gcn.gconv2.1.mlp.mlp.weight torch.Size([16, 48, 1, 1]) True
2026-01-31 20:54: gcn.gconv2.1.mlp.mlp.bias torch.Size([16]) True
2026-01-31 20:54: gcn.norm.0.weight torch.Size([16, 62, 7]) True
2026-01-31 20:54: gcn.norm.0.bias torch.Size([16, 62, 7]) True
2026-01-31 20:54: gcn.norm.1.weight torch.Size([16, 62, 1]) True
2026-01-31 20:54: gcn.norm.1.bias torch.Size([16, 62, 1]) True
2026-01-31 20:54: gcn.start_conv.weight torch.Size([16, 1, 1, 1]) True
2026-01-31 20:54: gcn.start_conv.bias torch.Size([16]) True
2026-01-31 20:54: gcn.gc.emb1.weight torch.Size([62, 10]) True
2026-01-31 20:54: gcn.gc.emb2.weight torch.Size([62, 10]) True
2026-01-31 20:54: gcn.gc.lin1.weight torch.Size([10, 10]) True
2026-01-31 20:54: gcn.gc.lin1.bias torch.Size([10]) True
2026-01-31 20:54: gcn.gc.lin2.weight torch.Size([10, 10]) True
2026-01-31 20:54: gcn.gc.lin2.bias torch.Size([10]) True
2026-01-31 20:54: gcn.end_conv_1.weight torch.Size([64, 32, 1, 1]) True
2026-01-31 20:54: gcn.end_conv_1.bias torch.Size([64]) True
2026-01-31 20:54: gcn.end_conv_2.weight torch.Size([6, 64, 1, 1]) True
2026-01-31 20:54: gcn.end_conv_2.bias torch.Size([6]) True
2026-01-31 20:54: gcn.skip0.weight torch.Size([32, 1, 1, 13]) True
2026-01-31 20:54: gcn.skip0.bias torch.Size([32]) True
2026-01-31 20:54: gcn.skipE.weight torch.Size([32, 16, 1, 1]) True
2026-01-31 20:54: gcn.skipE.bias torch.Size([32]) True
2026-01-31 20:54: Total params num: 205297
2026-01-31 20:54: *****************Finish Parameter****************
2026-01-31 20:54: Train Epoch 1: 0/185 Loss: 2273.593994
2026-01-31 20:54: Train Epoch 1: 20/185 Loss: 282.848236
2026-01-31 20:54: Train Epoch 1: 40/185 Loss: 216.582306
2026-01-31 20:54: Train Epoch 1: 60/185 Loss: 191.736221
2026-01-31 20:54: Train Epoch 1: 80/185 Loss: 169.120636
2026-01-31 20:54: Train Epoch 1: 100/185 Loss: 152.438828
2026-01-31 20:54: Train Epoch 1: 120/185 Loss: 136.066849
2026-01-31 20:54: Train Epoch 1: 140/185 Loss: 126.644745
2026-01-31 20:54: Train Epoch 1: 160/185 Loss: 116.171913
2026-01-31 20:54: Train Epoch 1: 180/185 Loss: 106.342194
2026-01-31 20:54: **********Train Epoch 1: Average Loss: 224.523536
2026-01-31 20:54: **********Train Epoch 1: MAE: 225.022881 RMSE: 287.086477 MAPE: 0.906854
2026-01-31 20:54: Train Epoch 1: 0/185 Loss: 106.106743
2026-01-31 20:54: Train Epoch 1: 20/185 Loss: 97.363174
2026-01-31 20:54: Train Epoch 1: 40/185 Loss: 90.335892
2026-01-31 20:54: Train Epoch 1: 60/185 Loss: 83.993469
2026-01-31 20:54: Train Epoch 1: 80/185 Loss: 81.217003
2026-01-31 20:55: Train Epoch 1: 100/185 Loss: 75.943832
2026-01-31 20:55: Train Epoch 1: 120/185 Loss: 72.213905
2026-01-31 20:55: Train Epoch 1: 140/185 Loss: 69.154991
2026-01-31 20:55: Train Epoch 1: 160/185 Loss: 65.094322
2026-01-31 20:55: Train Epoch 1: 180/185 Loss: 61.497616
2026-01-31 20:55: **********Train Epoch 1: Average Loss: 79.213819
2026-01-31 20:55: **********Train Epoch 1: MAE: 79.712414 RMSE: 101.805576 MAPE: 0.552379
2026-01-31 20:55: Train Epoch 1: 0/185 Loss: 60.856319
2026-01-31 20:55: Train Epoch 1: 20/185 Loss: 57.162029
2026-01-31 20:55: Train Epoch 1: 40/185 Loss: 55.647980
2026-01-31 20:55: Train Epoch 1: 60/185 Loss: 53.696949
2026-01-31 20:55: Train Epoch 1: 80/185 Loss: 51.900295
2026-01-31 20:55: Train Epoch 1: 100/185 Loss: 49.476994
2026-01-31 20:55: Train Epoch 1: 120/185 Loss: 49.038795
2026-01-31 20:55: Train Epoch 1: 140/185 Loss: 49.414303
2026-01-31 20:55: Train Epoch 1: 160/185 Loss: 46.423191
2026-01-31 20:55: Train Epoch 1: 180/185 Loss: 45.660187
2026-01-31 20:55: **********Train Epoch 1: Average Loss: 51.648809
2026-01-31 20:55: **********Train Epoch 1: MAE: 52.146614 RMSE: 67.999726 MAPE: 0.400021
2026-01-31 20:55: Train Epoch 1: 0/185 Loss: 45.066521
2026-01-31 20:55: Train Epoch 1: 20/185 Loss: 43.572601
2026-01-31 20:55: Train Epoch 1: 40/185 Loss: 43.276642
2026-01-31 20:55: Train Epoch 1: 60/185 Loss: 40.072712
2026-01-31 20:56: Train Epoch 1: 80/185 Loss: 40.672382
2026-01-31 20:56: Train Epoch 1: 100/185 Loss: 40.698490
2026-01-31 20:56: Train Epoch 1: 120/185 Loss: 39.980640
2026-01-31 20:56: Train Epoch 1: 140/185 Loss: 38.631847
2026-01-31 20:56: Train Epoch 1: 160/185 Loss: 38.116737
2026-01-31 20:56: Train Epoch 1: 180/185 Loss: 37.497700
2026-01-31 20:56: **********Train Epoch 1: Average Loss: 41.020139
2026-01-31 20:56: **********Train Epoch 1: MAE: 41.517277 RMSE: 55.452290 MAPE: 0.324372
2026-01-31 20:56: **********Val Epoch 1: Average Loss: 27.505196
2026-01-31 20:56: **********Val Epoch 1: MAE: 28.000235 RMSE: 41.022262 MAPE: 0.207929
2026-01-31 20:56: *********************************Current best model saved!
