2026-01-23 23:47: Experiment log path in: /home/abc/code/ntk_ex/ntk/log/in12_out12
2026-01-23 23:47: Train: (23974, 12, 52, 3), (23974, 12, 52, 3)
2026-01-23 23:47: Val: (3425, 12, 52, 3), (3425, 12, 52, 3)
2026-01-23 23:47: Test: (6850, 12, 52, 3), (6850, 12, 52, 3)
2026-01-23 23:47: memory_usage: (0.2412109375, 2.0)
2026-01-23 23:47: Applying learning rate decay.
2026-01-23 23:47: *****************Model Parameter*****************
2026-01-23 23:47: data_l torch.Size([64]) True
2026-01-23 23:47: tod_embedding_l torch.Size([2]) True
2026-01-23 23:47: dow_embedding_l torch.Size([2]) True
2026-01-23 23:47: tod_embedding.weight torch.Size([288, 2]) True
2026-01-23 23:47: dow_embedding.weight torch.Size([7, 2]) True
2026-01-23 23:47: SpatialEmbedding.B_sp torch.Size([207, 2]) True
2026-01-23 23:47: SpatialEmbedding.B_su torch.Size([207, 2]) True
2026-01-23 23:47: data_embedding.weight torch.Size([64, 1]) True
2026-01-23 23:47: data_embedding.bias torch.Size([64]) True
2026-01-23 23:47: MLPA.blocks.0.linear.weight torch.Size([4, 4]) True
2026-01-23 23:47: MLPA.blocks.0.linear.bias torch.Size([4]) True
2026-01-23 23:47: MLPA.blocks.0.norm.weight torch.Size([4]) True
2026-01-23 23:47: MLPA.blocks.0.norm.bias torch.Size([4]) True
2026-01-23 23:47: MLPB.blocks.0.linear.weight torch.Size([4, 4]) True
2026-01-23 23:47: MLPB.blocks.0.linear.bias torch.Size([4]) True
2026-01-23 23:47: MLPB.blocks.0.norm.weight torch.Size([4]) True
2026-01-23 23:47: MLPB.blocks.0.norm.bias torch.Size([4]) True
2026-01-23 23:47: MLPC.blocks.0.linear.weight torch.Size([64, 64]) True
2026-01-23 23:47: MLPC.blocks.0.linear.bias torch.Size([64]) True
2026-01-23 23:47: MLPC.blocks.0.norm.weight torch.Size([64]) True
2026-01-23 23:47: MLPC.blocks.0.norm.bias torch.Size([64]) True
2026-01-23 23:47: MLPD.blocks.0.linear.weight torch.Size([8, 8]) True
2026-01-23 23:47: MLPD.blocks.0.linear.bias torch.Size([8]) True
2026-01-23 23:47: MLPD.blocks.0.norm.weight torch.Size([8]) True
2026-01-23 23:47: MLPD.blocks.0.norm.bias torch.Size([8]) True
2026-01-23 23:47: MLPE.blocks.0.linear.weight torch.Size([72, 72]) True
2026-01-23 23:47: MLPE.blocks.0.linear.bias torch.Size([72]) True
2026-01-23 23:47: MLPE.blocks.0.norm.weight torch.Size([72]) True
2026-01-23 23:47: MLPE.blocks.0.norm.bias torch.Size([72]) True
2026-01-23 23:47: MLPE.blocks.1.linear.weight torch.Size([72, 72]) True
2026-01-23 23:47: MLPE.blocks.1.linear.bias torch.Size([72]) True
2026-01-23 23:47: MLPE.blocks.1.norm.weight torch.Size([72]) True
2026-01-23 23:47: MLPE.blocks.1.norm.bias torch.Size([72]) True
2026-01-23 23:47: MLPE.blocks.2.linear.weight torch.Size([72, 72]) True
2026-01-23 23:47: MLPE.blocks.2.linear.bias torch.Size([72]) True
2026-01-23 23:47: MLPE.blocks.2.norm.weight torch.Size([72]) True
2026-01-23 23:47: MLPE.blocks.2.norm.bias torch.Size([72]) True
2026-01-23 23:47: MLPF.blocks.0.linear.weight torch.Size([12, 12]) True
2026-01-23 23:47: MLPF.blocks.0.linear.bias torch.Size([12]) True
2026-01-23 23:47: MLPF.blocks.0.norm.weight torch.Size([12]) True
2026-01-23 23:47: MLPF.blocks.0.norm.bias torch.Size([12]) True
2026-01-23 23:47: MLPF.blocks.1.linear.weight torch.Size([12, 12]) True
2026-01-23 23:47: MLPF.blocks.1.linear.bias torch.Size([12]) True
2026-01-23 23:47: MLPF.blocks.1.norm.weight torch.Size([12]) True
2026-01-23 23:47: MLPF.blocks.1.norm.bias torch.Size([12]) True
2026-01-23 23:47: steps_linear.weight torch.Size([12, 12]) True
2026-01-23 23:47: steps_linear.bias torch.Size([12]) True
2026-01-23 23:47: out_linear.weight torch.Size([1, 72]) True
2026-01-23 23:47: out_linear.bias torch.Size([1]) True
2026-01-23 23:47: gcn.filter_convs.0.tconv.0.weight torch.Size([4, 16, 1, 2]) True
2026-01-23 23:47: gcn.filter_convs.0.tconv.0.bias torch.Size([4]) True
2026-01-23 23:47: gcn.filter_convs.0.tconv.1.weight torch.Size([4, 16, 1, 3]) True
2026-01-23 23:47: gcn.filter_convs.0.tconv.1.bias torch.Size([4]) True
2026-01-23 23:47: gcn.filter_convs.0.tconv.2.weight torch.Size([4, 16, 1, 6]) True
2026-01-23 23:47: gcn.filter_convs.0.tconv.2.bias torch.Size([4]) True
2026-01-23 23:47: gcn.filter_convs.0.tconv.3.weight torch.Size([4, 16, 1, 7]) True
2026-01-23 23:47: gcn.filter_convs.0.tconv.3.bias torch.Size([4]) True
2026-01-23 23:47: gcn.filter_convs.1.tconv.0.weight torch.Size([4, 16, 1, 2]) True
2026-01-23 23:47: gcn.filter_convs.1.tconv.0.bias torch.Size([4]) True
2026-01-23 23:47: gcn.filter_convs.1.tconv.1.weight torch.Size([4, 16, 1, 3]) True
2026-01-23 23:47: gcn.filter_convs.1.tconv.1.bias torch.Size([4]) True
2026-01-23 23:47: gcn.filter_convs.1.tconv.2.weight torch.Size([4, 16, 1, 6]) True
2026-01-23 23:47: gcn.filter_convs.1.tconv.2.bias torch.Size([4]) True
2026-01-23 23:47: gcn.filter_convs.1.tconv.3.weight torch.Size([4, 16, 1, 7]) True
2026-01-23 23:47: gcn.filter_convs.1.tconv.3.bias torch.Size([4]) True
2026-01-23 23:47: gcn.gate_convs.0.tconv.0.weight torch.Size([4, 16, 1, 2]) True
2026-01-23 23:47: gcn.gate_convs.0.tconv.0.bias torch.Size([4]) True
2026-01-23 23:47: gcn.gate_convs.0.tconv.1.weight torch.Size([4, 16, 1, 3]) True
2026-01-23 23:47: gcn.gate_convs.0.tconv.1.bias torch.Size([4]) True
2026-01-23 23:47: gcn.gate_convs.0.tconv.2.weight torch.Size([4, 16, 1, 6]) True
2026-01-23 23:47: gcn.gate_convs.0.tconv.2.bias torch.Size([4]) True
2026-01-23 23:47: gcn.gate_convs.0.tconv.3.weight torch.Size([4, 16, 1, 7]) True
2026-01-23 23:47: gcn.gate_convs.0.tconv.3.bias torch.Size([4]) True
2026-01-23 23:47: gcn.gate_convs.1.tconv.0.weight torch.Size([4, 16, 1, 2]) True
2026-01-23 23:47: gcn.gate_convs.1.tconv.0.bias torch.Size([4]) True
2026-01-23 23:47: gcn.gate_convs.1.tconv.1.weight torch.Size([4, 16, 1, 3]) True
2026-01-23 23:47: gcn.gate_convs.1.tconv.1.bias torch.Size([4]) True
2026-01-23 23:47: gcn.gate_convs.1.tconv.2.weight torch.Size([4, 16, 1, 6]) True
2026-01-23 23:47: gcn.gate_convs.1.tconv.2.bias torch.Size([4]) True
2026-01-23 23:47: gcn.gate_convs.1.tconv.3.weight torch.Size([4, 16, 1, 7]) True
2026-01-23 23:47: gcn.gate_convs.1.tconv.3.bias torch.Size([4]) True
2026-01-23 23:47: gcn.residual_convs.0.weight torch.Size([16, 16, 1, 1]) True
2026-01-23 23:47: gcn.residual_convs.0.bias torch.Size([16]) True
2026-01-23 23:47: gcn.residual_convs.1.weight torch.Size([16, 16, 1, 1]) True
2026-01-23 23:47: gcn.residual_convs.1.bias torch.Size([16]) True
2026-01-23 23:47: gcn.skip_convs.0.weight torch.Size([32, 16, 1, 7]) True
2026-01-23 23:47: gcn.skip_convs.0.bias torch.Size([32]) True
2026-01-23 23:47: gcn.skip_convs.1.weight torch.Size([32, 16, 1, 1]) True
2026-01-23 23:47: gcn.skip_convs.1.bias torch.Size([32]) True
2026-01-23 23:47: gcn.gconv1.0.mlp.mlp.weight torch.Size([16, 48, 1, 1]) True
2026-01-23 23:47: gcn.gconv1.0.mlp.mlp.bias torch.Size([16]) True
2026-01-23 23:47: gcn.gconv1.1.mlp.mlp.weight torch.Size([16, 48, 1, 1]) True
2026-01-23 23:47: gcn.gconv1.1.mlp.mlp.bias torch.Size([16]) True
2026-01-23 23:47: gcn.gconv2.0.mlp.mlp.weight torch.Size([16, 48, 1, 1]) True
2026-01-23 23:47: gcn.gconv2.0.mlp.mlp.bias torch.Size([16]) True
2026-01-23 23:47: gcn.gconv2.1.mlp.mlp.weight torch.Size([16, 48, 1, 1]) True
2026-01-23 23:47: gcn.gconv2.1.mlp.mlp.bias torch.Size([16]) True
2026-01-23 23:47: gcn.norm.0.weight torch.Size([16, 52, 7]) True
2026-01-23 23:47: gcn.norm.0.bias torch.Size([16, 52, 7]) True
2026-01-23 23:47: gcn.norm.1.weight torch.Size([16, 52, 1]) True
2026-01-23 23:47: gcn.norm.1.bias torch.Size([16, 52, 1]) True
2026-01-23 23:47: gcn.start_conv.weight torch.Size([16, 1, 1, 1]) True
2026-01-23 23:47: gcn.start_conv.bias torch.Size([16]) True
2026-01-23 23:47: gcn.gc.emb1.weight torch.Size([52, 10]) True
2026-01-23 23:47: gcn.gc.emb2.weight torch.Size([52, 10]) True
2026-01-23 23:47: gcn.gc.lin1.weight torch.Size([10, 10]) True
2026-01-23 23:47: gcn.gc.lin1.bias torch.Size([10]) True
2026-01-23 23:47: gcn.gc.lin2.weight torch.Size([10, 10]) True
2026-01-23 23:47: gcn.gc.lin2.bias torch.Size([10]) True
2026-01-23 23:47: gcn.end_conv_1.weight torch.Size([64, 32, 1, 1]) True
2026-01-23 23:47: gcn.end_conv_1.bias torch.Size([64]) True
2026-01-23 23:47: gcn.end_conv_2.weight torch.Size([12, 64, 1, 1]) True
2026-01-23 23:47: gcn.end_conv_2.bias torch.Size([12]) True
2026-01-23 23:47: gcn.skip0.weight torch.Size([32, 1, 1, 13]) True
2026-01-23 23:47: gcn.skip0.bias torch.Size([32]) True
2026-01-23 23:47: gcn.skipE.weight torch.Size([32, 16, 1, 1]) True
2026-01-23 23:47: gcn.skipE.bias torch.Size([32]) True
2026-01-23 23:47: Total params num: 53835
2026-01-23 23:47: *****************Finish Parameter****************
2026-01-23 23:47: Train Epoch 1: 0/374 Loss: 170.082642
2026-01-23 23:47: Train Epoch 1: 20/374 Loss: 22.822664
2026-01-23 23:47: Train Epoch 1: 40/374 Loss: 15.760986
2026-01-23 23:47: Train Epoch 1: 60/374 Loss: 13.909671
2026-01-23 23:47: Train Epoch 1: 80/374 Loss: 12.236423
2026-01-23 23:47: Train Epoch 1: 100/374 Loss: 10.698747
2026-01-23 23:47: Train Epoch 1: 120/374 Loss: 10.203625
2026-01-23 23:48: Train Epoch 1: 140/374 Loss: 9.186728
2026-01-23 23:48: Train Epoch 1: 160/374 Loss: 8.368267
2026-01-23 23:48: Train Epoch 1: 180/374 Loss: 7.666167
2026-01-23 23:48: Train Epoch 1: 200/374 Loss: 6.935982
2026-01-23 23:48: Train Epoch 1: 220/374 Loss: 6.694531
2026-01-23 23:48: Train Epoch 1: 240/374 Loss: 6.279523
2026-01-23 23:48: Train Epoch 1: 260/374 Loss: 5.925024
2026-01-23 23:48: Train Epoch 1: 280/374 Loss: 5.588832
2026-01-23 23:48: Train Epoch 1: 300/374 Loss: 5.616374
2026-01-23 23:48: Train Epoch 1: 320/374 Loss: 5.257243
2026-01-23 23:48: Train Epoch 1: 340/374 Loss: 5.075908
2026-01-23 23:48: Train Epoch 1: 360/374 Loss: 4.995296
2026-01-23 23:48: **********Train Epoch 1: Average Loss: 10.869264
2026-01-23 23:48: **********Train Epoch 1: MAE: 10.869264 RMSE: 15.091267 MAPE: 0.209124
2026-01-23 23:48: **********Val Epoch 1: Average Loss: 3.696851
2026-01-23 23:48: **********Val Epoch 1: MAE: 3.696851 RMSE: 7.102897 MAPE: 0.083364
2026-01-23 23:48: *********************************Current best model saved!
2026-01-23 23:49: Experiment log path in: /home/abc/code/ntk_ex/ntk/log/in12_out12
