2026-01-23 23:47: Experiment log path in: /home/abc/code/ntk_ex/ntk/log/in12_out12
2026-01-23 23:49: Experiment log path in: /home/abc/code/ntk_ex/ntk/log/in12_out12
2026-01-23 23:49: Train: (23974, 12, 51, 3), (23974, 12, 51, 3)
2026-01-23 23:49: Val: (3425, 12, 51, 3), (3425, 12, 51, 3)
2026-01-23 23:49: Test: (6850, 12, 51, 3), (6850, 12, 51, 3)
2026-01-23 23:49: memory_usage: (0.2392578125, 2.0)
2026-01-23 23:49: Applying learning rate decay.
2026-01-23 23:49: *****************Model Parameter*****************
2026-01-23 23:49: data_l torch.Size([64]) True
2026-01-23 23:49: tod_embedding_l torch.Size([2]) True
2026-01-23 23:49: dow_embedding_l torch.Size([2]) True
2026-01-23 23:49: tod_embedding.weight torch.Size([288, 2]) True
2026-01-23 23:49: dow_embedding.weight torch.Size([7, 2]) True
2026-01-23 23:49: SpatialEmbedding.B_sp torch.Size([207, 2]) True
2026-01-23 23:49: SpatialEmbedding.B_su torch.Size([207, 2]) True
2026-01-23 23:49: data_embedding.weight torch.Size([64, 1]) True
2026-01-23 23:49: data_embedding.bias torch.Size([64]) True
2026-01-23 23:49: MLPA.blocks.0.linear.weight torch.Size([4, 4]) True
2026-01-23 23:49: MLPA.blocks.0.linear.bias torch.Size([4]) True
2026-01-23 23:49: MLPA.blocks.0.norm.weight torch.Size([4]) True
2026-01-23 23:49: MLPA.blocks.0.norm.bias torch.Size([4]) True
2026-01-23 23:49: MLPB.blocks.0.linear.weight torch.Size([4, 4]) True
2026-01-23 23:49: MLPB.blocks.0.linear.bias torch.Size([4]) True
2026-01-23 23:49: MLPB.blocks.0.norm.weight torch.Size([4]) True
2026-01-23 23:49: MLPB.blocks.0.norm.bias torch.Size([4]) True
2026-01-23 23:49: MLPC.blocks.0.linear.weight torch.Size([64, 64]) True
2026-01-23 23:49: MLPC.blocks.0.linear.bias torch.Size([64]) True
2026-01-23 23:49: MLPC.blocks.0.norm.weight torch.Size([64]) True
2026-01-23 23:49: MLPC.blocks.0.norm.bias torch.Size([64]) True
2026-01-23 23:49: MLPD.blocks.0.linear.weight torch.Size([8, 8]) True
2026-01-23 23:49: MLPD.blocks.0.linear.bias torch.Size([8]) True
2026-01-23 23:49: MLPD.blocks.0.norm.weight torch.Size([8]) True
2026-01-23 23:49: MLPD.blocks.0.norm.bias torch.Size([8]) True
2026-01-23 23:49: MLPE.blocks.0.linear.weight torch.Size([72, 72]) True
2026-01-23 23:49: MLPE.blocks.0.linear.bias torch.Size([72]) True
2026-01-23 23:49: MLPE.blocks.0.norm.weight torch.Size([72]) True
2026-01-23 23:49: MLPE.blocks.0.norm.bias torch.Size([72]) True
2026-01-23 23:49: MLPE.blocks.1.linear.weight torch.Size([72, 72]) True
2026-01-23 23:49: MLPE.blocks.1.linear.bias torch.Size([72]) True
2026-01-23 23:49: MLPE.blocks.1.norm.weight torch.Size([72]) True
2026-01-23 23:49: MLPE.blocks.1.norm.bias torch.Size([72]) True
2026-01-23 23:49: MLPE.blocks.2.linear.weight torch.Size([72, 72]) True
2026-01-23 23:49: MLPE.blocks.2.linear.bias torch.Size([72]) True
2026-01-23 23:49: MLPE.blocks.2.norm.weight torch.Size([72]) True
2026-01-23 23:49: MLPE.blocks.2.norm.bias torch.Size([72]) True
2026-01-23 23:49: MLPF.blocks.0.linear.weight torch.Size([12, 12]) True
2026-01-23 23:49: MLPF.blocks.0.linear.bias torch.Size([12]) True
2026-01-23 23:49: MLPF.blocks.0.norm.weight torch.Size([12]) True
2026-01-23 23:49: MLPF.blocks.0.norm.bias torch.Size([12]) True
2026-01-23 23:49: MLPF.blocks.1.linear.weight torch.Size([12, 12]) True
2026-01-23 23:49: MLPF.blocks.1.linear.bias torch.Size([12]) True
2026-01-23 23:49: MLPF.blocks.1.norm.weight torch.Size([12]) True
2026-01-23 23:49: MLPF.blocks.1.norm.bias torch.Size([12]) True
2026-01-23 23:49: steps_linear.weight torch.Size([12, 12]) True
2026-01-23 23:49: steps_linear.bias torch.Size([12]) True
2026-01-23 23:49: out_linear.weight torch.Size([1, 72]) True
2026-01-23 23:49: out_linear.bias torch.Size([1]) True
2026-01-23 23:49: gcn.filter_convs.0.tconv.0.weight torch.Size([4, 16, 1, 2]) True
2026-01-23 23:49: gcn.filter_convs.0.tconv.0.bias torch.Size([4]) True
2026-01-23 23:49: gcn.filter_convs.0.tconv.1.weight torch.Size([4, 16, 1, 3]) True
2026-01-23 23:49: gcn.filter_convs.0.tconv.1.bias torch.Size([4]) True
2026-01-23 23:49: gcn.filter_convs.0.tconv.2.weight torch.Size([4, 16, 1, 6]) True
2026-01-23 23:49: gcn.filter_convs.0.tconv.2.bias torch.Size([4]) True
2026-01-23 23:49: gcn.filter_convs.0.tconv.3.weight torch.Size([4, 16, 1, 7]) True
2026-01-23 23:49: gcn.filter_convs.0.tconv.3.bias torch.Size([4]) True
2026-01-23 23:49: gcn.filter_convs.1.tconv.0.weight torch.Size([4, 16, 1, 2]) True
2026-01-23 23:49: gcn.filter_convs.1.tconv.0.bias torch.Size([4]) True
2026-01-23 23:49: gcn.filter_convs.1.tconv.1.weight torch.Size([4, 16, 1, 3]) True
2026-01-23 23:49: gcn.filter_convs.1.tconv.1.bias torch.Size([4]) True
2026-01-23 23:49: gcn.filter_convs.1.tconv.2.weight torch.Size([4, 16, 1, 6]) True
2026-01-23 23:49: gcn.filter_convs.1.tconv.2.bias torch.Size([4]) True
2026-01-23 23:49: gcn.filter_convs.1.tconv.3.weight torch.Size([4, 16, 1, 7]) True
2026-01-23 23:49: gcn.filter_convs.1.tconv.3.bias torch.Size([4]) True
2026-01-23 23:49: gcn.gate_convs.0.tconv.0.weight torch.Size([4, 16, 1, 2]) True
2026-01-23 23:49: gcn.gate_convs.0.tconv.0.bias torch.Size([4]) True
2026-01-23 23:49: gcn.gate_convs.0.tconv.1.weight torch.Size([4, 16, 1, 3]) True
2026-01-23 23:49: gcn.gate_convs.0.tconv.1.bias torch.Size([4]) True
2026-01-23 23:49: gcn.gate_convs.0.tconv.2.weight torch.Size([4, 16, 1, 6]) True
2026-01-23 23:49: gcn.gate_convs.0.tconv.2.bias torch.Size([4]) True
2026-01-23 23:49: gcn.gate_convs.0.tconv.3.weight torch.Size([4, 16, 1, 7]) True
2026-01-23 23:49: gcn.gate_convs.0.tconv.3.bias torch.Size([4]) True
2026-01-23 23:49: gcn.gate_convs.1.tconv.0.weight torch.Size([4, 16, 1, 2]) True
2026-01-23 23:49: gcn.gate_convs.1.tconv.0.bias torch.Size([4]) True
2026-01-23 23:49: gcn.gate_convs.1.tconv.1.weight torch.Size([4, 16, 1, 3]) True
2026-01-23 23:49: gcn.gate_convs.1.tconv.1.bias torch.Size([4]) True
2026-01-23 23:49: gcn.gate_convs.1.tconv.2.weight torch.Size([4, 16, 1, 6]) True
2026-01-23 23:49: gcn.gate_convs.1.tconv.2.bias torch.Size([4]) True
2026-01-23 23:49: gcn.gate_convs.1.tconv.3.weight torch.Size([4, 16, 1, 7]) True
2026-01-23 23:49: gcn.gate_convs.1.tconv.3.bias torch.Size([4]) True
2026-01-23 23:49: gcn.residual_convs.0.weight torch.Size([16, 16, 1, 1]) True
2026-01-23 23:49: gcn.residual_convs.0.bias torch.Size([16]) True
2026-01-23 23:49: gcn.residual_convs.1.weight torch.Size([16, 16, 1, 1]) True
2026-01-23 23:49: gcn.residual_convs.1.bias torch.Size([16]) True
2026-01-23 23:49: gcn.skip_convs.0.weight torch.Size([32, 16, 1, 7]) True
2026-01-23 23:49: gcn.skip_convs.0.bias torch.Size([32]) True
2026-01-23 23:49: gcn.skip_convs.1.weight torch.Size([32, 16, 1, 1]) True
2026-01-23 23:49: gcn.skip_convs.1.bias torch.Size([32]) True
2026-01-23 23:49: gcn.gconv1.0.mlp.mlp.weight torch.Size([16, 48, 1, 1]) True
2026-01-23 23:49: gcn.gconv1.0.mlp.mlp.bias torch.Size([16]) True
2026-01-23 23:49: gcn.gconv1.1.mlp.mlp.weight torch.Size([16, 48, 1, 1]) True
2026-01-23 23:49: gcn.gconv1.1.mlp.mlp.bias torch.Size([16]) True
2026-01-23 23:49: gcn.gconv2.0.mlp.mlp.weight torch.Size([16, 48, 1, 1]) True
2026-01-23 23:49: gcn.gconv2.0.mlp.mlp.bias torch.Size([16]) True
2026-01-23 23:49: gcn.gconv2.1.mlp.mlp.weight torch.Size([16, 48, 1, 1]) True
2026-01-23 23:49: gcn.gconv2.1.mlp.mlp.bias torch.Size([16]) True
2026-01-23 23:49: gcn.norm.0.weight torch.Size([16, 51, 7]) True
2026-01-23 23:49: gcn.norm.0.bias torch.Size([16, 51, 7]) True
2026-01-23 23:49: gcn.norm.1.weight torch.Size([16, 51, 1]) True
2026-01-23 23:49: gcn.norm.1.bias torch.Size([16, 51, 1]) True
2026-01-23 23:49: gcn.start_conv.weight torch.Size([16, 1, 1, 1]) True
2026-01-23 23:49: gcn.start_conv.bias torch.Size([16]) True
2026-01-23 23:49: gcn.gc.emb1.weight torch.Size([51, 10]) True
2026-01-23 23:49: gcn.gc.emb2.weight torch.Size([51, 10]) True
2026-01-23 23:49: gcn.gc.lin1.weight torch.Size([10, 10]) True
2026-01-23 23:49: gcn.gc.lin1.bias torch.Size([10]) True
2026-01-23 23:49: gcn.gc.lin2.weight torch.Size([10, 10]) True
2026-01-23 23:49: gcn.gc.lin2.bias torch.Size([10]) True
2026-01-23 23:49: gcn.end_conv_1.weight torch.Size([64, 32, 1, 1]) True
2026-01-23 23:49: gcn.end_conv_1.bias torch.Size([64]) True
2026-01-23 23:49: gcn.end_conv_2.weight torch.Size([12, 64, 1, 1]) True
2026-01-23 23:49: gcn.end_conv_2.bias torch.Size([12]) True
2026-01-23 23:49: gcn.skip0.weight torch.Size([32, 1, 1, 13]) True
2026-01-23 23:49: gcn.skip0.bias torch.Size([32]) True
2026-01-23 23:49: gcn.skipE.weight torch.Size([32, 16, 1, 1]) True
2026-01-23 23:49: gcn.skipE.bias torch.Size([32]) True
2026-01-23 23:49: Total params num: 53559
2026-01-23 23:49: *****************Finish Parameter****************
2026-01-23 23:49: Train Epoch 1: 0/374 Loss: 157.560928
2026-01-23 23:50: Train Epoch 1: 20/374 Loss: 20.712906
2026-01-23 23:50: Train Epoch 1: 40/374 Loss: 15.187775
2026-01-23 23:50: Train Epoch 1: 60/374 Loss: 12.440515
2026-01-23 23:50: Train Epoch 1: 80/374 Loss: 11.204725
2026-01-23 23:50: Train Epoch 1: 100/374 Loss: 10.149759
2026-01-23 23:50: Train Epoch 1: 120/374 Loss: 8.937120
2026-01-23 23:50: Train Epoch 1: 140/374 Loss: 8.667887
2026-01-23 23:50: Train Epoch 1: 160/374 Loss: 7.308924
2026-01-23 23:50: Train Epoch 1: 180/374 Loss: 7.590898
2026-01-23 23:50: Train Epoch 1: 200/374 Loss: 6.634959
2026-01-23 23:50: Train Epoch 1: 220/374 Loss: 6.064218
2026-01-23 23:50: Train Epoch 1: 240/374 Loss: 5.483501
2026-01-23 23:50: Train Epoch 1: 260/374 Loss: 5.449690
2026-01-23 23:50: Train Epoch 1: 280/374 Loss: 5.121112
2026-01-23 23:50: Train Epoch 1: 300/374 Loss: 5.053157
2026-01-23 23:50: Train Epoch 1: 320/374 Loss: 4.977939
2026-01-23 23:50: Train Epoch 1: 340/374 Loss: 4.450823
2026-01-23 23:50: Train Epoch 1: 360/374 Loss: 4.713781
2026-01-23 23:50: **********Train Epoch 1: Average Loss: 10.216933
2026-01-23 23:50: **********Train Epoch 1: MAE: 10.216933 RMSE: 14.449031 MAPE: 0.188336
2026-01-23 23:50: **********Val Epoch 1: Average Loss: 3.550531
2026-01-23 23:50: **********Val Epoch 1: MAE: 3.550531 RMSE: 7.063539 MAPE: 0.077838
2026-01-23 23:50: *********************************Current best model saved!
