2026-04-20 12:20: Experiment log path in: /root/autodl-tmp/ntk_project/ntk/log/in6_out1
2026-04-20 12:20: Train: (11890, 6, 62, 3), (11890, 1, 62, 3)
2026-04-20 12:20: Val: (1698, 6, 62, 3), (1698, 1, 62, 3)
2026-04-20 12:20: Test: (3398, 6, 62, 3), (3398, 1, 62, 3)
2026-04-20 12:20: memory_usage: (1.021484375, 2.0)
2026-04-20 12:20: Applying learning rate decay.
2026-04-20 12:20: *****************Model Parameter*****************
2026-04-20 12:20: data_l torch.Size([64]) True
2026-04-20 12:20: tod_embedding_l torch.Size([32]) True
2026-04-20 12:20: dow_embedding_l torch.Size([32]) True
2026-04-20 12:20: tod_embedding.weight torch.Size([288, 32]) True
2026-04-20 12:20: dow_embedding.weight torch.Size([7, 32]) True
2026-04-20 12:20: SpatialEmbedding.B_sp torch.Size([307, 32]) True
2026-04-20 12:20: SpatialEmbedding.B_su torch.Size([307, 32]) True
2026-04-20 12:20: data_embedding.weight torch.Size([64, 1]) True
2026-04-20 12:20: data_embedding.bias torch.Size([64]) True
2026-04-20 12:20: MLPA.blocks.0.linear.weight torch.Size([64, 64]) True
2026-04-20 12:20: MLPA.blocks.0.linear.bias torch.Size([64]) True
2026-04-20 12:20: MLPA.blocks.0.norm.weight torch.Size([64]) True
2026-04-20 12:20: MLPA.blocks.0.norm.bias torch.Size([64]) True
2026-04-20 12:20: MLPB.blocks.0.linear.weight torch.Size([64, 64]) True
2026-04-20 12:20: MLPB.blocks.0.linear.bias torch.Size([64]) True
2026-04-20 12:20: MLPB.blocks.0.norm.weight torch.Size([64]) True
2026-04-20 12:20: MLPB.blocks.0.norm.bias torch.Size([64]) True
2026-04-20 12:20: MLPC.blocks.0.linear.weight torch.Size([64, 64]) True
2026-04-20 12:20: MLPC.blocks.0.linear.bias torch.Size([64]) True
2026-04-20 12:20: MLPC.blocks.0.norm.weight torch.Size([64]) True
2026-04-20 12:20: MLPC.blocks.0.norm.bias torch.Size([64]) True
2026-04-20 12:20: temporal_sa.W_q.weight torch.Size([64, 64]) True
2026-04-20 12:20: temporal_sa.W_q.bias torch.Size([64]) True
2026-04-20 12:20: temporal_sa.W_k.weight torch.Size([64, 64]) True
2026-04-20 12:20: temporal_sa.W_k.bias torch.Size([64]) True
2026-04-20 12:20: temporal_sa.W_v.weight torch.Size([64, 64]) True
2026-04-20 12:20: temporal_sa.W_v.bias torch.Size([64]) True
2026-04-20 12:20: temporal_sa.W_o.weight torch.Size([64, 64]) True
2026-04-20 12:20: temporal_sa.W_o.bias torch.Size([64]) True
2026-04-20 12:20: temporal_sa.norm.weight torch.Size([64]) True
2026-04-20 12:20: temporal_sa.norm.bias torch.Size([64]) True
2026-04-20 12:20: cross_attn_fusion.proj_spa.weight torch.Size([128, 64]) True
2026-04-20 12:20: cross_attn_fusion.proj_spa.bias torch.Size([128]) True
2026-04-20 12:20: cross_attn_fusion.proj_tem.weight torch.Size([128, 64]) True
2026-04-20 12:20: cross_attn_fusion.proj_tem.bias torch.Size([128]) True
2026-04-20 12:20: cross_attn_fusion.W_q.weight torch.Size([128, 128]) True
2026-04-20 12:20: cross_attn_fusion.W_q.bias torch.Size([128]) True
2026-04-20 12:20: cross_attn_fusion.W_k.weight torch.Size([128, 128]) True
2026-04-20 12:20: cross_attn_fusion.W_k.bias torch.Size([128]) True
2026-04-20 12:20: cross_attn_fusion.W_v.weight torch.Size([128, 128]) True
2026-04-20 12:20: cross_attn_fusion.W_v.bias torch.Size([128]) True
2026-04-20 12:20: cross_attn_fusion.W_o.weight torch.Size([128, 128]) True
2026-04-20 12:20: cross_attn_fusion.W_o.bias torch.Size([128]) True
2026-04-20 12:20: cross_attn_fusion.norm.weight torch.Size([128]) True
2026-04-20 12:20: cross_attn_fusion.norm.bias torch.Size([128]) True
2026-04-20 12:20: MLPD.blocks.0.linear.weight torch.Size([128, 128]) True
2026-04-20 12:20: MLPD.blocks.0.linear.bias torch.Size([128]) True
2026-04-20 12:20: MLPD.blocks.0.norm.weight torch.Size([128]) True
2026-04-20 12:20: MLPD.blocks.0.norm.bias torch.Size([128]) True
2026-04-20 12:20: data_proj_gate.weight torch.Size([128, 64]) True
2026-04-20 12:20: data_proj_gate.bias torch.Size([128]) True
2026-04-20 12:20: feature_gate.squeeze.0.weight torch.Size([32, 256]) True
2026-04-20 12:20: feature_gate.squeeze.0.bias torch.Size([32]) True
2026-04-20 12:20: feature_gate.squeeze.2.weight torch.Size([2, 32]) True
2026-04-20 12:20: feature_gate.squeeze.2.bias torch.Size([2]) True
2026-04-20 12:20: MLPE.blocks.0.linear.weight torch.Size([128, 128]) True
2026-04-20 12:20: MLPE.blocks.0.linear.bias torch.Size([128]) True
2026-04-20 12:20: MLPE.blocks.0.norm.weight torch.Size([128]) True
2026-04-20 12:20: MLPE.blocks.0.norm.bias torch.Size([128]) True
2026-04-20 12:20: MLPE.blocks.1.linear.weight torch.Size([128, 128]) True
2026-04-20 12:20: MLPE.blocks.1.linear.bias torch.Size([128]) True
2026-04-20 12:20: MLPE.blocks.1.norm.weight torch.Size([128]) True
2026-04-20 12:20: MLPE.blocks.1.norm.bias torch.Size([128]) True
2026-04-20 12:20: MLPE.blocks.2.linear.weight torch.Size([128, 128]) True
2026-04-20 12:20: MLPE.blocks.2.linear.bias torch.Size([128]) True
2026-04-20 12:20: MLPE.blocks.2.norm.weight torch.Size([128]) True
2026-04-20 12:20: MLPE.blocks.2.norm.bias torch.Size([128]) True
2026-04-20 12:20: MLPF.blocks.0.linear.weight torch.Size([6, 6]) True
2026-04-20 12:20: MLPF.blocks.0.linear.bias torch.Size([6]) True
2026-04-20 12:20: MLPF.blocks.0.norm.weight torch.Size([6]) True
2026-04-20 12:20: MLPF.blocks.0.norm.bias torch.Size([6]) True
2026-04-20 12:20: MLPF.blocks.1.linear.weight torch.Size([6, 6]) True
2026-04-20 12:20: MLPF.blocks.1.linear.bias torch.Size([6]) True
2026-04-20 12:20: MLPF.blocks.1.norm.weight torch.Size([6]) True
2026-04-20 12:20: MLPF.blocks.1.norm.bias torch.Size([6]) True
2026-04-20 12:20: steps_linear.weight torch.Size([1, 6]) True
2026-04-20 12:20: steps_linear.bias torch.Size([1]) True
2026-04-20 12:20: out_linear.weight torch.Size([1, 128]) True
2026-04-20 12:20: out_linear.bias torch.Size([1]) True
2026-04-20 12:20: gcn.filter_convs.0.tconv.0.weight torch.Size([4, 16, 1, 2]) True
2026-04-20 12:20: gcn.filter_convs.0.tconv.0.bias torch.Size([4]) True
2026-04-20 12:20: gcn.filter_convs.0.tconv.1.weight torch.Size([4, 16, 1, 3]) True
2026-04-20 12:20: gcn.filter_convs.0.tconv.1.bias torch.Size([4]) True
2026-04-20 12:20: gcn.filter_convs.0.tconv.2.weight torch.Size([4, 16, 1, 6]) True
2026-04-20 12:20: gcn.filter_convs.0.tconv.2.bias torch.Size([4]) True
2026-04-20 12:20: gcn.filter_convs.0.tconv.3.weight torch.Size([4, 16, 1, 7]) True
2026-04-20 12:20: gcn.filter_convs.0.tconv.3.bias torch.Size([4]) True
2026-04-20 12:20: gcn.filter_convs.1.tconv.0.weight torch.Size([4, 16, 1, 2]) True
2026-04-20 12:20: gcn.filter_convs.1.tconv.0.bias torch.Size([4]) True
2026-04-20 12:20: gcn.filter_convs.1.tconv.1.weight torch.Size([4, 16, 1, 3]) True
2026-04-20 12:20: gcn.filter_convs.1.tconv.1.bias torch.Size([4]) True
2026-04-20 12:20: gcn.filter_convs.1.tconv.2.weight torch.Size([4, 16, 1, 6]) True
2026-04-20 12:20: gcn.filter_convs.1.tconv.2.bias torch.Size([4]) True
2026-04-20 12:20: gcn.filter_convs.1.tconv.3.weight torch.Size([4, 16, 1, 7]) True
2026-04-20 12:20: gcn.filter_convs.1.tconv.3.bias torch.Size([4]) True
2026-04-20 12:20: gcn.gate_convs.0.tconv.0.weight torch.Size([4, 16, 1, 2]) True
2026-04-20 12:20: gcn.gate_convs.0.tconv.0.bias torch.Size([4]) True
2026-04-20 12:20: gcn.gate_convs.0.tconv.1.weight torch.Size([4, 16, 1, 3]) True
2026-04-20 12:20: gcn.gate_convs.0.tconv.1.bias torch.Size([4]) True
2026-04-20 12:20: gcn.gate_convs.0.tconv.2.weight torch.Size([4, 16, 1, 6]) True
2026-04-20 12:20: gcn.gate_convs.0.tconv.2.bias torch.Size([4]) True
2026-04-20 12:20: gcn.gate_convs.0.tconv.3.weight torch.Size([4, 16, 1, 7]) True
2026-04-20 12:20: gcn.gate_convs.0.tconv.3.bias torch.Size([4]) True
2026-04-20 12:20: gcn.gate_convs.1.tconv.0.weight torch.Size([4, 16, 1, 2]) True
2026-04-20 12:20: gcn.gate_convs.1.tconv.0.bias torch.Size([4]) True
2026-04-20 12:20: gcn.gate_convs.1.tconv.1.weight torch.Size([4, 16, 1, 3]) True
2026-04-20 12:20: gcn.gate_convs.1.tconv.1.bias torch.Size([4]) True
2026-04-20 12:20: gcn.gate_convs.1.tconv.2.weight torch.Size([4, 16, 1, 6]) True
2026-04-20 12:20: gcn.gate_convs.1.tconv.2.bias torch.Size([4]) True
2026-04-20 12:20: gcn.gate_convs.1.tconv.3.weight torch.Size([4, 16, 1, 7]) True
2026-04-20 12:20: gcn.gate_convs.1.tconv.3.bias torch.Size([4]) True
2026-04-20 12:20: gcn.residual_convs.0.weight torch.Size([16, 16, 1, 1]) True
2026-04-20 12:20: gcn.residual_convs.0.bias torch.Size([16]) True
2026-04-20 12:20: gcn.residual_convs.1.weight torch.Size([16, 16, 1, 1]) True
2026-04-20 12:20: gcn.residual_convs.1.bias torch.Size([16]) True
2026-04-20 12:20: gcn.skip_convs.0.weight torch.Size([32, 16, 1, 7]) True
2026-04-20 12:20: gcn.skip_convs.0.bias torch.Size([32]) True
2026-04-20 12:20: gcn.skip_convs.1.weight torch.Size([32, 16, 1, 1]) True
2026-04-20 12:20: gcn.skip_convs.1.bias torch.Size([32]) True
2026-04-20 12:20: gcn.gconv1.0.mlp.mlp.weight torch.Size([16, 48, 1, 1]) True
2026-04-20 12:20: gcn.gconv1.0.mlp.mlp.bias torch.Size([16]) True
2026-04-20 12:20: gcn.gconv1.1.mlp.mlp.weight torch.Size([16, 48, 1, 1]) True
2026-04-20 12:20: gcn.gconv1.1.mlp.mlp.bias torch.Size([16]) True
2026-04-20 12:20: gcn.gconv2.0.mlp.mlp.weight torch.Size([16, 48, 1, 1]) True
2026-04-20 12:20: gcn.gconv2.0.mlp.mlp.bias torch.Size([16]) True
2026-04-20 12:20: gcn.gconv2.1.mlp.mlp.weight torch.Size([16, 48, 1, 1]) True
2026-04-20 12:20: gcn.gconv2.1.mlp.mlp.bias torch.Size([16]) True
2026-04-20 12:20: gcn.norm.0.weight torch.Size([16, 62, 7]) True
2026-04-20 12:20: gcn.norm.0.bias torch.Size([16, 62, 7]) True
2026-04-20 12:20: gcn.norm.1.weight torch.Size([16, 62, 1]) True
2026-04-20 12:20: gcn.norm.1.bias torch.Size([16, 62, 1]) True
2026-04-20 12:20: gcn.start_conv.weight torch.Size([16, 1, 1, 1]) True
2026-04-20 12:20: gcn.start_conv.bias torch.Size([16]) True
2026-04-20 12:20: gcn.gc.emb1.weight torch.Size([62, 10]) True
2026-04-20 12:20: gcn.gc.emb2.weight torch.Size([62, 10]) True
2026-04-20 12:20: gcn.gc.lin1.weight torch.Size([10, 10]) True
2026-04-20 12:20: gcn.gc.lin1.bias torch.Size([10]) True
2026-04-20 12:20: gcn.gc.lin2.weight torch.Size([10, 10]) True
2026-04-20 12:20: gcn.gc.lin2.bias torch.Size([10]) True
2026-04-20 12:20: gcn.end_conv_1.weight torch.Size([64, 32, 1, 1]) True
2026-04-20 12:20: gcn.end_conv_1.bias torch.Size([64]) True
2026-04-20 12:20: gcn.end_conv_2.weight torch.Size([1, 64, 1, 1]) True
2026-04-20 12:20: gcn.end_conv_2.bias torch.Size([1]) True
2026-04-20 12:20: gcn.skip0.weight torch.Size([32, 1, 1, 13]) True
2026-04-20 12:20: gcn.skip0.bias torch.Size([32]) True
2026-04-20 12:20: gcn.skipE.weight torch.Size([32, 16, 1, 1]) True
2026-04-20 12:20: gcn.skipE.bias torch.Size([32]) True
2026-04-20 12:20: MLPGCN.blocks.0.linear.weight torch.Size([1, 1]) True
2026-04-20 12:20: MLPGCN.blocks.0.linear.bias torch.Size([1]) True
2026-04-20 12:20: MLPGCN.blocks.0.norm.weight torch.Size([1]) True
2026-04-20 12:20: MLPGCN.blocks.0.norm.bias torch.Size([1]) True
2026-04-20 12:20: MLPGCN.blocks.1.linear.weight torch.Size([1, 1]) True
2026-04-20 12:20: MLPGCN.blocks.1.linear.bias torch.Size([1]) True
2026-04-20 12:20: MLPGCN.blocks.1.norm.weight torch.Size([1]) True
2026-04-20 12:20: MLPGCN.blocks.1.norm.bias torch.Size([1]) True
2026-04-20 12:20: Total params num: 258899
2026-04-20 12:20: *****************Finish Parameter****************
2026-04-20 12:20: Train Epoch 1: 0/185 Loss: 10.865571
2026-04-20 12:21: Train Epoch 1: 20/185 Loss: 6.533826
2026-04-20 12:21: Train Epoch 1: 40/185 Loss: 4.687718
2026-04-20 12:21: Train Epoch 1: 60/185 Loss: 3.996603
2026-04-20 12:21: Train Epoch 1: 80/185 Loss: 3.577154
2026-04-20 12:21: Train Epoch 1: 100/185 Loss: 3.051294
2026-04-20 12:21: Train Epoch 1: 120/185 Loss: 2.911204
2026-04-20 12:21: Train Epoch 1: 140/185 Loss: 2.525882
2026-04-20 12:21: Train Epoch 1: 160/185 Loss: 2.474401
2026-04-20 12:21: Train Epoch 1: 180/185 Loss: 2.355465
2026-04-20 12:21: **********Train Epoch 1: Average Loss: 3.976001
2026-04-20 12:21: **********Train Epoch 1: MAE: 3.976001 RMSE: 5.392209 MAPE: 0.070378
2026-04-20 12:21: Train Epoch 1: 0/185 Loss: 2.269858
2026-04-20 12:21: Train Epoch 1: 20/185 Loss: 2.195468
2026-04-20 12:21: Train Epoch 1: 40/185 Loss: 2.076868
2026-04-20 12:21: Train Epoch 1: 60/185 Loss: 2.000241
2026-04-20 12:21: Train Epoch 1: 80/185 Loss: 1.889657
2026-04-20 12:21: Train Epoch 1: 100/185 Loss: 1.899468
2026-04-20 12:21: Train Epoch 1: 120/185 Loss: 1.862679
2026-04-20 12:21: Train Epoch 1: 140/185 Loss: 1.741552
2026-04-20 12:21: Train Epoch 1: 160/185 Loss: 1.688364
