2026-01-31 20:54: Experiment log path in: /root/autodl-tmp/ntk_project/ntk/log/in12_out6
2026-01-31 20:54: Train: (11882, 12, 61, 3), (11882, 6, 61, 3)
2026-01-31 20:54: Val: (1698, 12, 61, 3), (1698, 6, 61, 3)
2026-01-31 20:54: Test: (3395, 12, 61, 3), (3395, 6, 61, 3)
2026-01-31 20:54: memory_usage: (0.8115234375, 2.0)
2026-01-31 20:54: Applying learning rate decay.
2026-01-31 20:54: *****************Model Parameter*****************
2026-01-31 20:54: data_l torch.Size([64]) True
2026-01-31 20:54: tod_embedding_l torch.Size([32]) True
2026-01-31 20:54: dow_embedding_l torch.Size([32]) True
2026-01-31 20:54: tod_embedding.weight torch.Size([288, 32]) True
2026-01-31 20:54: dow_embedding.weight torch.Size([7, 32]) True
2026-01-31 20:54: SpatialEmbedding.B_sp torch.Size([307, 32]) True
2026-01-31 20:54: SpatialEmbedding.B_su torch.Size([307, 32]) True
2026-01-31 20:54: data_embedding.weight torch.Size([64, 1]) True
2026-01-31 20:54: data_embedding.bias torch.Size([64]) True
2026-01-31 20:54: MLPA.blocks.0.linear.weight torch.Size([64, 64]) True
2026-01-31 20:54: MLPA.blocks.0.linear.bias torch.Size([64]) True
2026-01-31 20:54: MLPA.blocks.0.norm.weight torch.Size([64]) True
2026-01-31 20:54: MLPA.blocks.0.norm.bias torch.Size([64]) True
2026-01-31 20:54: MLPB.blocks.0.linear.weight torch.Size([64, 64]) True
2026-01-31 20:54: MLPB.blocks.0.linear.bias torch.Size([64]) True
2026-01-31 20:54: MLPB.blocks.0.norm.weight torch.Size([64]) True
2026-01-31 20:54: MLPB.blocks.0.norm.bias torch.Size([64]) True
2026-01-31 20:54: MLPC.blocks.0.linear.weight torch.Size([64, 64]) True
2026-01-31 20:54: MLPC.blocks.0.linear.bias torch.Size([64]) True
2026-01-31 20:54: MLPC.blocks.0.norm.weight torch.Size([64]) True
2026-01-31 20:54: MLPC.blocks.0.norm.bias torch.Size([64]) True
2026-01-31 20:54: MLPD.blocks.0.linear.weight torch.Size([128, 128]) True
2026-01-31 20:54: MLPD.blocks.0.linear.bias torch.Size([128]) True
2026-01-31 20:54: MLPD.blocks.0.norm.weight torch.Size([128]) True
2026-01-31 20:54: MLPD.blocks.0.norm.bias torch.Size([128]) True
2026-01-31 20:54: MLPE.blocks.0.linear.weight torch.Size([192, 192]) True
2026-01-31 20:54: MLPE.blocks.0.linear.bias torch.Size([192]) True
2026-01-31 20:54: MLPE.blocks.0.norm.weight torch.Size([192]) True
2026-01-31 20:54: MLPE.blocks.0.norm.bias torch.Size([192]) True
2026-01-31 20:54: MLPE.blocks.1.linear.weight torch.Size([192, 192]) True
2026-01-31 20:54: MLPE.blocks.1.linear.bias torch.Size([192]) True
2026-01-31 20:54: MLPE.blocks.1.norm.weight torch.Size([192]) True
2026-01-31 20:54: MLPE.blocks.1.norm.bias torch.Size([192]) True
2026-01-31 20:54: MLPE.blocks.2.linear.weight torch.Size([192, 192]) True
2026-01-31 20:54: MLPE.blocks.2.linear.bias torch.Size([192]) True
2026-01-31 20:54: MLPE.blocks.2.norm.weight torch.Size([192]) True
2026-01-31 20:54: MLPE.blocks.2.norm.bias torch.Size([192]) True
2026-01-31 20:54: MLPF.blocks.0.linear.weight torch.Size([12, 12]) True
2026-01-31 20:54: MLPF.blocks.0.linear.bias torch.Size([12]) True
2026-01-31 20:54: MLPF.blocks.0.norm.weight torch.Size([12]) True
2026-01-31 20:54: MLPF.blocks.0.norm.bias torch.Size([12]) True
2026-01-31 20:54: MLPF.blocks.1.linear.weight torch.Size([12, 12]) True
2026-01-31 20:54: MLPF.blocks.1.linear.bias torch.Size([12]) True
2026-01-31 20:54: MLPF.blocks.1.norm.weight torch.Size([12]) True
2026-01-31 20:54: MLPF.blocks.1.norm.bias torch.Size([12]) True
2026-01-31 20:54: steps_linear.weight torch.Size([6, 12]) True
2026-01-31 20:54: steps_linear.bias torch.Size([6]) True
2026-01-31 20:54: out_linear.weight torch.Size([1, 192]) True
2026-01-31 20:54: out_linear.bias torch.Size([1]) True
2026-01-31 20:54: gcn.filter_convs.0.tconv.0.weight torch.Size([4, 16, 1, 2]) True
2026-01-31 20:54: gcn.filter_convs.0.tconv.0.bias torch.Size([4]) True
2026-01-31 20:54: gcn.filter_convs.0.tconv.1.weight torch.Size([4, 16, 1, 3]) True
2026-01-31 20:54: gcn.filter_convs.0.tconv.1.bias torch.Size([4]) True
2026-01-31 20:54: gcn.filter_convs.0.tconv.2.weight torch.Size([4, 16, 1, 6]) True
2026-01-31 20:54: gcn.filter_convs.0.tconv.2.bias torch.Size([4]) True
2026-01-31 20:54: gcn.filter_convs.0.tconv.3.weight torch.Size([4, 16, 1, 7]) True
2026-01-31 20:54: gcn.filter_convs.0.tconv.3.bias torch.Size([4]) True
2026-01-31 20:54: gcn.filter_convs.1.tconv.0.weight torch.Size([4, 16, 1, 2]) True
2026-01-31 20:54: gcn.filter_convs.1.tconv.0.bias torch.Size([4]) True
2026-01-31 20:54: gcn.filter_convs.1.tconv.1.weight torch.Size([4, 16, 1, 3]) True
2026-01-31 20:54: gcn.filter_convs.1.tconv.1.bias torch.Size([4]) True
2026-01-31 20:54: gcn.filter_convs.1.tconv.2.weight torch.Size([4, 16, 1, 6]) True
2026-01-31 20:54: gcn.filter_convs.1.tconv.2.bias torch.Size([4]) True
2026-01-31 20:54: gcn.filter_convs.1.tconv.3.weight torch.Size([4, 16, 1, 7]) True
2026-01-31 20:54: gcn.filter_convs.1.tconv.3.bias torch.Size([4]) True
2026-01-31 20:54: gcn.gate_convs.0.tconv.0.weight torch.Size([4, 16, 1, 2]) True
2026-01-31 20:54: gcn.gate_convs.0.tconv.0.bias torch.Size([4]) True
2026-01-31 20:54: gcn.gate_convs.0.tconv.1.weight torch.Size([4, 16, 1, 3]) True
2026-01-31 20:54: gcn.gate_convs.0.tconv.1.bias torch.Size([4]) True
2026-01-31 20:54: gcn.gate_convs.0.tconv.2.weight torch.Size([4, 16, 1, 6]) True
2026-01-31 20:54: gcn.gate_convs.0.tconv.2.bias torch.Size([4]) True
2026-01-31 20:54: gcn.gate_convs.0.tconv.3.weight torch.Size([4, 16, 1, 7]) True
2026-01-31 20:54: gcn.gate_convs.0.tconv.3.bias torch.Size([4]) True
2026-01-31 20:54: gcn.gate_convs.1.tconv.0.weight torch.Size([4, 16, 1, 2]) True
2026-01-31 20:54: gcn.gate_convs.1.tconv.0.bias torch.Size([4]) True
2026-01-31 20:54: gcn.gate_convs.1.tconv.1.weight torch.Size([4, 16, 1, 3]) True
2026-01-31 20:54: gcn.gate_convs.1.tconv.1.bias torch.Size([4]) True
2026-01-31 20:54: gcn.gate_convs.1.tconv.2.weight torch.Size([4, 16, 1, 6]) True
2026-01-31 20:54: gcn.gate_convs.1.tconv.2.bias torch.Size([4]) True
2026-01-31 20:54: gcn.gate_convs.1.tconv.3.weight torch.Size([4, 16, 1, 7]) True
2026-01-31 20:54: gcn.gate_convs.1.tconv.3.bias torch.Size([4]) True
2026-01-31 20:54: gcn.residual_convs.0.weight torch.Size([16, 16, 1, 1]) True
2026-01-31 20:54: gcn.residual_convs.0.bias torch.Size([16]) True
2026-01-31 20:54: gcn.residual_convs.1.weight torch.Size([16, 16, 1, 1]) True
2026-01-31 20:54: gcn.residual_convs.1.bias torch.Size([16]) True
2026-01-31 20:54: gcn.skip_convs.0.weight torch.Size([32, 16, 1, 7]) True
2026-01-31 20:54: gcn.skip_convs.0.bias torch.Size([32]) True
2026-01-31 20:54: gcn.skip_convs.1.weight torch.Size([32, 16, 1, 1]) True
2026-01-31 20:54: gcn.skip_convs.1.bias torch.Size([32]) True
2026-01-31 20:54: gcn.gconv1.0.mlp.mlp.weight torch.Size([16, 48, 1, 1]) True
2026-01-31 20:54: gcn.gconv1.0.mlp.mlp.bias torch.Size([16]) True
2026-01-31 20:54: gcn.gconv1.1.mlp.mlp.weight torch.Size([16, 48, 1, 1]) True
2026-01-31 20:54: gcn.gconv1.1.mlp.mlp.bias torch.Size([16]) True
2026-01-31 20:54: gcn.gconv2.0.mlp.mlp.weight torch.Size([16, 48, 1, 1]) True
2026-01-31 20:54: gcn.gconv2.0.mlp.mlp.bias torch.Size([16]) True
2026-01-31 20:54: gcn.gconv2.1.mlp.mlp.weight torch.Size([16, 48, 1, 1]) True
2026-01-31 20:54: gcn.gconv2.1.mlp.mlp.bias torch.Size([16]) True
2026-01-31 20:54: gcn.norm.0.weight torch.Size([16, 61, 7]) True
2026-01-31 20:54: gcn.norm.0.bias torch.Size([16, 61, 7]) True
2026-01-31 20:54: gcn.norm.1.weight torch.Size([16, 61, 1]) True
2026-01-31 20:54: gcn.norm.1.bias torch.Size([16, 61, 1]) True
2026-01-31 20:54: gcn.start_conv.weight torch.Size([16, 1, 1, 1]) True
2026-01-31 20:54: gcn.start_conv.bias torch.Size([16]) True
2026-01-31 20:54: gcn.gc.emb1.weight torch.Size([61, 10]) True
2026-01-31 20:54: gcn.gc.emb2.weight torch.Size([61, 10]) True
2026-01-31 20:54: gcn.gc.lin1.weight torch.Size([10, 10]) True
2026-01-31 20:54: gcn.gc.lin1.bias torch.Size([10]) True
2026-01-31 20:54: gcn.gc.lin2.weight torch.Size([10, 10]) True
2026-01-31 20:54: gcn.gc.lin2.bias torch.Size([10]) True
2026-01-31 20:54: gcn.end_conv_1.weight torch.Size([64, 32, 1, 1]) True
2026-01-31 20:54: gcn.end_conv_1.bias torch.Size([64]) True
2026-01-31 20:54: gcn.end_conv_2.weight torch.Size([6, 64, 1, 1]) True
2026-01-31 20:54: gcn.end_conv_2.bias torch.Size([6]) True
2026-01-31 20:54: gcn.skip0.weight torch.Size([32, 1, 1, 13]) True
2026-01-31 20:54: gcn.skip0.bias torch.Size([32]) True
2026-01-31 20:54: gcn.skipE.weight torch.Size([32, 16, 1, 1]) True
2026-01-31 20:54: gcn.skipE.bias torch.Size([32]) True
2026-01-31 20:54: Total params num: 205021
2026-01-31 20:54: *****************Finish Parameter****************
2026-01-31 20:54: Train Epoch 1: 0/185 Loss: 2279.912354
2026-01-31 20:54: Train Epoch 1: 20/185 Loss: 285.232239
2026-01-31 20:54: Train Epoch 1: 40/185 Loss: 217.631165
2026-01-31 20:54: Train Epoch 1: 60/185 Loss: 196.985779
2026-01-31 20:54: Train Epoch 1: 80/185 Loss: 169.654388
2026-01-31 20:54: Train Epoch 1: 100/185 Loss: 153.476074
2026-01-31 20:54: Train Epoch 1: 120/185 Loss: 138.279327
2026-01-31 20:54: Train Epoch 1: 140/185 Loss: 129.481689
2026-01-31 20:54: Train Epoch 1: 160/185 Loss: 117.713699
2026-01-31 20:54: Train Epoch 1: 180/185 Loss: 108.847244
2026-01-31 20:54: **********Train Epoch 1: Average Loss: 226.516502
2026-01-31 20:54: **********Train Epoch 1: MAE: 227.015849 RMSE: 290.267490 MAPE: 0.937242
2026-01-31 20:54: Train Epoch 1: 0/185 Loss: 105.888687
2026-01-31 20:54: Train Epoch 1: 20/185 Loss: 97.990822
2026-01-31 20:54: Train Epoch 1: 40/185 Loss: 91.296165
2026-01-31 20:54: Train Epoch 1: 60/185 Loss: 85.025497
2026-01-31 20:54: Train Epoch 1: 80/185 Loss: 80.182739
2026-01-31 20:54: Train Epoch 1: 100/185 Loss: 75.418694
2026-01-31 20:55: Train Epoch 1: 120/185 Loss: 70.921555
2026-01-31 20:55: Train Epoch 1: 140/185 Loss: 66.855484
2026-01-31 20:55: Train Epoch 1: 160/185 Loss: 64.267776
2026-01-31 20:55: Train Epoch 1: 180/185 Loss: 60.306995
2026-01-31 20:55: **********Train Epoch 1: Average Loss: 78.949195
2026-01-31 20:55: **********Train Epoch 1: MAE: 79.447773 RMSE: 101.631150 MAPE: 0.578925
2026-01-31 20:55: Train Epoch 1: 0/185 Loss: 59.251633
2026-01-31 20:55: Train Epoch 1: 20/185 Loss: 55.903408
2026-01-31 20:55: Train Epoch 1: 40/185 Loss: 55.833519
2026-01-31 20:55: Train Epoch 1: 60/185 Loss: 52.934948
2026-01-31 20:55: Train Epoch 1: 80/185 Loss: 50.680229
2026-01-31 20:55: Train Epoch 1: 100/185 Loss: 48.076672
2026-01-31 20:55: Train Epoch 1: 120/185 Loss: 47.548546
2026-01-31 20:55: Train Epoch 1: 140/185 Loss: 46.545860
2026-01-31 20:55: Train Epoch 1: 160/185 Loss: 46.541889
2026-01-31 20:55: Train Epoch 1: 180/185 Loss: 45.697433
2026-01-31 20:55: **********Train Epoch 1: Average Loss: 51.051184
2026-01-31 20:55: **********Train Epoch 1: MAE: 51.548997 RMSE: 67.191999 MAPE: 0.422808
2026-01-31 20:55: Train Epoch 1: 0/185 Loss: 43.159569
2026-01-31 20:55: Train Epoch 1: 20/185 Loss: 42.166901
2026-01-31 20:55: Train Epoch 1: 40/185 Loss: 41.417526
2026-01-31 20:55: Train Epoch 1: 60/185 Loss: 40.091175
2026-01-31 20:55: Train Epoch 1: 80/185 Loss: 41.196960
2026-01-31 20:56: Train Epoch 1: 100/185 Loss: 38.050507
2026-01-31 20:56: Train Epoch 1: 120/185 Loss: 39.011204
2026-01-31 20:56: Train Epoch 1: 140/185 Loss: 37.239799
2026-01-31 20:56: Train Epoch 1: 160/185 Loss: 37.550926
2026-01-31 20:56: Train Epoch 1: 180/185 Loss: 39.882591
2026-01-31 20:56: **********Train Epoch 1: Average Loss: 39.937905
2026-01-31 20:56: **********Train Epoch 1: MAE: 40.435006 RMSE: 53.866066 MAPE: 0.341699
2026-01-31 20:56: **********Val Epoch 1: Average Loss: 28.564377
2026-01-31 20:56: **********Val Epoch 1: MAE: 29.059539 RMSE: 41.400452 MAPE: 0.190796
2026-01-31 20:56: *********************************Current best model saved!
