2026-01-31 20:54: Experiment log path in: /root/autodl-tmp/ntk_project/ntk/log/in12_out6
2026-01-31 20:54: Train: (11882, 12, 62, 3), (11882, 6, 62, 3)
2026-01-31 20:54: Val: (1698, 12, 62, 3), (1698, 6, 62, 3)
2026-01-31 20:54: Test: (3395, 12, 62, 3), (3395, 6, 62, 3)
2026-01-31 20:54: memory_usage: (0.8125, 2.0)
2026-01-31 20:54: Applying learning rate decay.
2026-01-31 20:54: *****************Model Parameter*****************
2026-01-31 20:54: data_l torch.Size([64]) True
2026-01-31 20:54: tod_embedding_l torch.Size([32]) True
2026-01-31 20:54: dow_embedding_l torch.Size([32]) True
2026-01-31 20:54: tod_embedding.weight torch.Size([288, 32]) True
2026-01-31 20:54: dow_embedding.weight torch.Size([7, 32]) True
2026-01-31 20:54: SpatialEmbedding.B_sp torch.Size([307, 32]) True
2026-01-31 20:54: SpatialEmbedding.B_su torch.Size([307, 32]) True
2026-01-31 20:54: data_embedding.weight torch.Size([64, 1]) True
2026-01-31 20:54: data_embedding.bias torch.Size([64]) True
2026-01-31 20:54: MLPA.blocks.0.linear.weight torch.Size([64, 64]) True
2026-01-31 20:54: MLPA.blocks.0.linear.bias torch.Size([64]) True
2026-01-31 20:54: MLPA.blocks.0.norm.weight torch.Size([64]) True
2026-01-31 20:54: MLPA.blocks.0.norm.bias torch.Size([64]) True
2026-01-31 20:54: MLPB.blocks.0.linear.weight torch.Size([64, 64]) True
2026-01-31 20:54: MLPB.blocks.0.linear.bias torch.Size([64]) True
2026-01-31 20:54: MLPB.blocks.0.norm.weight torch.Size([64]) True
2026-01-31 20:54: MLPB.blocks.0.norm.bias torch.Size([64]) True
2026-01-31 20:54: MLPC.blocks.0.linear.weight torch.Size([64, 64]) True
2026-01-31 20:54: MLPC.blocks.0.linear.bias torch.Size([64]) True
2026-01-31 20:54: MLPC.blocks.0.norm.weight torch.Size([64]) True
2026-01-31 20:54: MLPC.blocks.0.norm.bias torch.Size([64]) True
2026-01-31 20:54: MLPD.blocks.0.linear.weight torch.Size([128, 128]) True
2026-01-31 20:54: MLPD.blocks.0.linear.bias torch.Size([128]) True
2026-01-31 20:54: MLPD.blocks.0.norm.weight torch.Size([128]) True
2026-01-31 20:54: MLPD.blocks.0.norm.bias torch.Size([128]) True
2026-01-31 20:54: MLPE.blocks.0.linear.weight torch.Size([192, 192]) True
2026-01-31 20:54: MLPE.blocks.0.linear.bias torch.Size([192]) True
2026-01-31 20:54: MLPE.blocks.0.norm.weight torch.Size([192]) True
2026-01-31 20:54: MLPE.blocks.0.norm.bias torch.Size([192]) True
2026-01-31 20:54: MLPE.blocks.1.linear.weight torch.Size([192, 192]) True
2026-01-31 20:54: MLPE.blocks.1.linear.bias torch.Size([192]) True
2026-01-31 20:54: MLPE.blocks.1.norm.weight torch.Size([192]) True
2026-01-31 20:54: MLPE.blocks.1.norm.bias torch.Size([192]) True
2026-01-31 20:54: MLPE.blocks.2.linear.weight torch.Size([192, 192]) True
2026-01-31 20:54: MLPE.blocks.2.linear.bias torch.Size([192]) True
2026-01-31 20:54: MLPE.blocks.2.norm.weight torch.Size([192]) True
2026-01-31 20:54: MLPE.blocks.2.norm.bias torch.Size([192]) True
2026-01-31 20:54: MLPF.blocks.0.linear.weight torch.Size([12, 12]) True
2026-01-31 20:54: MLPF.blocks.0.linear.bias torch.Size([12]) True
2026-01-31 20:54: MLPF.blocks.0.norm.weight torch.Size([12]) True
2026-01-31 20:54: MLPF.blocks.0.norm.bias torch.Size([12]) True
2026-01-31 20:54: MLPF.blocks.1.linear.weight torch.Size([12, 12]) True
2026-01-31 20:54: MLPF.blocks.1.linear.bias torch.Size([12]) True
2026-01-31 20:54: MLPF.blocks.1.norm.weight torch.Size([12]) True
2026-01-31 20:54: MLPF.blocks.1.norm.bias torch.Size([12]) True
2026-01-31 20:54: steps_linear.weight torch.Size([6, 12]) True
2026-01-31 20:54: steps_linear.bias torch.Size([6]) True
2026-01-31 20:54: out_linear.weight torch.Size([1, 192]) True
2026-01-31 20:54: out_linear.bias torch.Size([1]) True
2026-01-31 20:54: gcn.filter_convs.0.tconv.0.weight torch.Size([4, 16, 1, 2]) True
2026-01-31 20:54: gcn.filter_convs.0.tconv.0.bias torch.Size([4]) True
2026-01-31 20:54: gcn.filter_convs.0.tconv.1.weight torch.Size([4, 16, 1, 3]) True
2026-01-31 20:54: gcn.filter_convs.0.tconv.1.bias torch.Size([4]) True
2026-01-31 20:54: gcn.filter_convs.0.tconv.2.weight torch.Size([4, 16, 1, 6]) True
2026-01-31 20:54: gcn.filter_convs.0.tconv.2.bias torch.Size([4]) True
2026-01-31 20:54: gcn.filter_convs.0.tconv.3.weight torch.Size([4, 16, 1, 7]) True
2026-01-31 20:54: gcn.filter_convs.0.tconv.3.bias torch.Size([4]) True
2026-01-31 20:54: gcn.filter_convs.1.tconv.0.weight torch.Size([4, 16, 1, 2]) True
2026-01-31 20:54: gcn.filter_convs.1.tconv.0.bias torch.Size([4]) True
2026-01-31 20:54: gcn.filter_convs.1.tconv.1.weight torch.Size([4, 16, 1, 3]) True
2026-01-31 20:54: gcn.filter_convs.1.tconv.1.bias torch.Size([4]) True
2026-01-31 20:54: gcn.filter_convs.1.tconv.2.weight torch.Size([4, 16, 1, 6]) True
2026-01-31 20:54: gcn.filter_convs.1.tconv.2.bias torch.Size([4]) True
2026-01-31 20:54: gcn.filter_convs.1.tconv.3.weight torch.Size([4, 16, 1, 7]) True
2026-01-31 20:54: gcn.filter_convs.1.tconv.3.bias torch.Size([4]) True
2026-01-31 20:54: gcn.gate_convs.0.tconv.0.weight torch.Size([4, 16, 1, 2]) True
2026-01-31 20:54: gcn.gate_convs.0.tconv.0.bias torch.Size([4]) True
2026-01-31 20:54: gcn.gate_convs.0.tconv.1.weight torch.Size([4, 16, 1, 3]) True
2026-01-31 20:54: gcn.gate_convs.0.tconv.1.bias torch.Size([4]) True
2026-01-31 20:54: gcn.gate_convs.0.tconv.2.weight torch.Size([4, 16, 1, 6]) True
2026-01-31 20:54: gcn.gate_convs.0.tconv.2.bias torch.Size([4]) True
2026-01-31 20:54: gcn.gate_convs.0.tconv.3.weight torch.Size([4, 16, 1, 7]) True
2026-01-31 20:54: gcn.gate_convs.0.tconv.3.bias torch.Size([4]) True
2026-01-31 20:54: gcn.gate_convs.1.tconv.0.weight torch.Size([4, 16, 1, 2]) True
2026-01-31 20:54: gcn.gate_convs.1.tconv.0.bias torch.Size([4]) True
2026-01-31 20:54: gcn.gate_convs.1.tconv.1.weight torch.Size([4, 16, 1, 3]) True
2026-01-31 20:54: gcn.gate_convs.1.tconv.1.bias torch.Size([4]) True
2026-01-31 20:54: gcn.gate_convs.1.tconv.2.weight torch.Size([4, 16, 1, 6]) True
2026-01-31 20:54: gcn.gate_convs.1.tconv.2.bias torch.Size([4]) True
2026-01-31 20:54: gcn.gate_convs.1.tconv.3.weight torch.Size([4, 16, 1, 7]) True
2026-01-31 20:54: gcn.gate_convs.1.tconv.3.bias torch.Size([4]) True
2026-01-31 20:54: gcn.residual_convs.0.weight torch.Size([16, 16, 1, 1]) True
2026-01-31 20:54: gcn.residual_convs.0.bias torch.Size([16]) True
2026-01-31 20:54: gcn.residual_convs.1.weight torch.Size([16, 16, 1, 1]) True
2026-01-31 20:54: gcn.residual_convs.1.bias torch.Size([16]) True
2026-01-31 20:54: gcn.skip_convs.0.weight torch.Size([32, 16, 1, 7]) True
2026-01-31 20:54: gcn.skip_convs.0.bias torch.Size([32]) True
2026-01-31 20:54: gcn.skip_convs.1.weight torch.Size([32, 16, 1, 1]) True
2026-01-31 20:54: gcn.skip_convs.1.bias torch.Size([32]) True
2026-01-31 20:54: gcn.gconv1.0.mlp.mlp.weight torch.Size([16, 48, 1, 1]) True
2026-01-31 20:54: gcn.gconv1.0.mlp.mlp.bias torch.Size([16]) True
2026-01-31 20:54: gcn.gconv1.1.mlp.mlp.weight torch.Size([16, 48, 1, 1]) True
2026-01-31 20:54: gcn.gconv1.1.mlp.mlp.bias torch.Size([16]) True
2026-01-31 20:54: gcn.gconv2.0.mlp.mlp.weight torch.Size([16, 48, 1, 1]) True
2026-01-31 20:54: gcn.gconv2.0.mlp.mlp.bias torch.Size([16]) True
2026-01-31 20:54: gcn.gconv2.1.mlp.mlp.weight torch.Size([16, 48, 1, 1]) True
2026-01-31 20:54: gcn.gconv2.1.mlp.mlp.bias torch.Size([16]) True
2026-01-31 20:54: gcn.norm.0.weight torch.Size([16, 62, 7]) True
2026-01-31 20:54: gcn.norm.0.bias torch.Size([16, 62, 7]) True
2026-01-31 20:54: gcn.norm.1.weight torch.Size([16, 62, 1]) True
2026-01-31 20:54: gcn.norm.1.bias torch.Size([16, 62, 1]) True
2026-01-31 20:54: gcn.start_conv.weight torch.Size([16, 1, 1, 1]) True
2026-01-31 20:54: gcn.start_conv.bias torch.Size([16]) True
2026-01-31 20:54: gcn.gc.emb1.weight torch.Size([62, 10]) True
2026-01-31 20:54: gcn.gc.emb2.weight torch.Size([62, 10]) True
2026-01-31 20:54: gcn.gc.lin1.weight torch.Size([10, 10]) True
2026-01-31 20:54: gcn.gc.lin1.bias torch.Size([10]) True
2026-01-31 20:54: gcn.gc.lin2.weight torch.Size([10, 10]) True
2026-01-31 20:54: gcn.gc.lin2.bias torch.Size([10]) True
2026-01-31 20:54: gcn.end_conv_1.weight torch.Size([64, 32, 1, 1]) True
2026-01-31 20:54: gcn.end_conv_1.bias torch.Size([64]) True
2026-01-31 20:54: gcn.end_conv_2.weight torch.Size([6, 64, 1, 1]) True
2026-01-31 20:54: gcn.end_conv_2.bias torch.Size([6]) True
2026-01-31 20:54: gcn.skip0.weight torch.Size([32, 1, 1, 13]) True
2026-01-31 20:54: gcn.skip0.bias torch.Size([32]) True
2026-01-31 20:54: gcn.skipE.weight torch.Size([32, 16, 1, 1]) True
2026-01-31 20:54: gcn.skipE.bias torch.Size([32]) True
2026-01-31 20:54: Total params num: 205297
2026-01-31 20:54: *****************Finish Parameter****************
2026-01-31 20:54: Train Epoch 1: 0/185 Loss: 2076.656494
2026-01-31 20:54: Train Epoch 1: 20/185 Loss: 259.065155
2026-01-31 20:54: Train Epoch 1: 40/185 Loss: 198.458649
2026-01-31 20:54: Train Epoch 1: 60/185 Loss: 175.306534
2026-01-31 20:54: Train Epoch 1: 80/185 Loss: 153.185837
2026-01-31 20:54: Train Epoch 1: 100/185 Loss: 139.554382
2026-01-31 20:54: Train Epoch 1: 120/185 Loss: 125.067642
2026-01-31 20:54: Train Epoch 1: 140/185 Loss: 115.939293
2026-01-31 20:54: Train Epoch 1: 160/185 Loss: 105.699387
2026-01-31 20:54: Train Epoch 1: 180/185 Loss: 97.637520
2026-01-31 20:54: **********Train Epoch 1: Average Loss: 204.856121
2026-01-31 20:54: **********Train Epoch 1: MAE: 205.355394 RMSE: 262.164163 MAPE: 0.917533
2026-01-31 20:54: Train Epoch 1: 0/185 Loss: 96.138123
2026-01-31 20:54: Train Epoch 1: 20/185 Loss: 88.178383
2026-01-31 20:54: Train Epoch 1: 40/185 Loss: 82.268669
2026-01-31 20:54: Train Epoch 1: 60/185 Loss: 76.786057
2026-01-31 20:55: Train Epoch 1: 80/185 Loss: 73.966484
2026-01-31 20:55: Train Epoch 1: 100/185 Loss: 70.014595
2026-01-31 20:55: Train Epoch 1: 120/185 Loss: 64.452316
2026-01-31 20:55: Train Epoch 1: 140/185 Loss: 62.498707
2026-01-31 20:55: Train Epoch 1: 160/185 Loss: 59.101772
2026-01-31 20:55: Train Epoch 1: 180/185 Loss: 56.923859
2026-01-31 20:55: **********Train Epoch 1: Average Loss: 72.045166
2026-01-31 20:55: **********Train Epoch 1: MAE: 72.543618 RMSE: 92.966819 MAPE: 0.560051
2026-01-31 20:55: Train Epoch 1: 0/185 Loss: 55.388863
2026-01-31 20:55: Train Epoch 1: 20/185 Loss: 52.468483
2026-01-31 20:55: Train Epoch 1: 40/185 Loss: 50.761372
2026-01-31 20:55: Train Epoch 1: 60/185 Loss: 48.578407
2026-01-31 20:55: Train Epoch 1: 80/185 Loss: 46.516571
2026-01-31 20:55: Train Epoch 1: 100/185 Loss: 45.918774
2026-01-31 20:55: Train Epoch 1: 120/185 Loss: 43.752823
2026-01-31 20:55: Train Epoch 1: 140/185 Loss: 43.853428
2026-01-31 20:55: Train Epoch 1: 160/185 Loss: 40.699806
2026-01-31 20:55: Train Epoch 1: 180/185 Loss: 40.171650
2026-01-31 20:55: **********Train Epoch 1: Average Loss: 46.520699
2026-01-31 20:55: **********Train Epoch 1: MAE: 47.018245 RMSE: 61.712659 MAPE: 0.404425
2026-01-31 20:55: Train Epoch 1: 0/185 Loss: 38.189220
2026-01-31 20:55: Train Epoch 1: 20/185 Loss: 38.682880
2026-01-31 20:55: Train Epoch 1: 40/185 Loss: 42.052517
2026-01-31 20:56: Train Epoch 1: 60/185 Loss: 36.242237
2026-01-31 20:56: Train Epoch 1: 80/185 Loss: 36.133377
2026-01-31 20:56: Train Epoch 1: 100/185 Loss: 37.513489
2026-01-31 20:56: Train Epoch 1: 120/185 Loss: 38.046516
2026-01-31 20:56: Train Epoch 1: 140/185 Loss: 34.386261
2026-01-31 20:56: Train Epoch 1: 160/185 Loss: 33.433083
2026-01-31 20:56: Train Epoch 1: 180/185 Loss: 32.881737
2026-01-31 20:56: **********Train Epoch 1: Average Loss: 36.788809
2026-01-31 20:56: **********Train Epoch 1: MAE: 37.285628 RMSE: 50.163401 MAPE: 0.329163
2026-01-31 20:56: **********Val Epoch 1: Average Loss: 23.844811
2026-01-31 20:56: **********Val Epoch 1: MAE: 24.338108 RMSE: 36.870356 MAPE: 0.161644
2026-01-31 20:56: *********************************Current best model saved!
