2026-01-31 20:54: Experiment log path in: /root/autodl-tmp/ntk_project/ntk/log/in12_out6
2026-01-31 20:54: Train: (11882, 12, 61, 3), (11882, 6, 61, 3)
2026-01-31 20:54: Val: (1698, 12, 61, 3), (1698, 6, 61, 3)
2026-01-31 20:54: Test: (3395, 12, 61, 3), (3395, 6, 61, 3)
2026-01-31 20:54: memory_usage: (0.8115234375, 2.0)
2026-01-31 20:54: Applying learning rate decay.
2026-01-31 20:54: *****************Model Parameter*****************
2026-01-31 20:54: data_l torch.Size([64]) True
2026-01-31 20:54: tod_embedding_l torch.Size([32]) True
2026-01-31 20:54: dow_embedding_l torch.Size([32]) True
2026-01-31 20:54: tod_embedding.weight torch.Size([288, 32]) True
2026-01-31 20:54: dow_embedding.weight torch.Size([7, 32]) True
2026-01-31 20:54: SpatialEmbedding.B_sp torch.Size([307, 32]) True
2026-01-31 20:54: SpatialEmbedding.B_su torch.Size([307, 32]) True
2026-01-31 20:54: data_embedding.weight torch.Size([64, 1]) True
2026-01-31 20:54: data_embedding.bias torch.Size([64]) True
2026-01-31 20:54: MLPA.blocks.0.linear.weight torch.Size([64, 64]) True
2026-01-31 20:54: MLPA.blocks.0.linear.bias torch.Size([64]) True
2026-01-31 20:54: MLPA.blocks.0.norm.weight torch.Size([64]) True
2026-01-31 20:54: MLPA.blocks.0.norm.bias torch.Size([64]) True
2026-01-31 20:54: MLPB.blocks.0.linear.weight torch.Size([64, 64]) True
2026-01-31 20:54: MLPB.blocks.0.linear.bias torch.Size([64]) True
2026-01-31 20:54: MLPB.blocks.0.norm.weight torch.Size([64]) True
2026-01-31 20:54: MLPB.blocks.0.norm.bias torch.Size([64]) True
2026-01-31 20:54: MLPC.blocks.0.linear.weight torch.Size([64, 64]) True
2026-01-31 20:54: MLPC.blocks.0.linear.bias torch.Size([64]) True
2026-01-31 20:54: MLPC.blocks.0.norm.weight torch.Size([64]) True
2026-01-31 20:54: MLPC.blocks.0.norm.bias torch.Size([64]) True
2026-01-31 20:54: MLPD.blocks.0.linear.weight torch.Size([128, 128]) True
2026-01-31 20:54: MLPD.blocks.0.linear.bias torch.Size([128]) True
2026-01-31 20:54: MLPD.blocks.0.norm.weight torch.Size([128]) True
2026-01-31 20:54: MLPD.blocks.0.norm.bias torch.Size([128]) True
2026-01-31 20:54: MLPE.blocks.0.linear.weight torch.Size([192, 192]) True
2026-01-31 20:54: MLPE.blocks.0.linear.bias torch.Size([192]) True
2026-01-31 20:54: MLPE.blocks.0.norm.weight torch.Size([192]) True
2026-01-31 20:54: MLPE.blocks.0.norm.bias torch.Size([192]) True
2026-01-31 20:54: MLPE.blocks.1.linear.weight torch.Size([192, 192]) True
2026-01-31 20:54: MLPE.blocks.1.linear.bias torch.Size([192]) True
2026-01-31 20:54: MLPE.blocks.1.norm.weight torch.Size([192]) True
2026-01-31 20:54: MLPE.blocks.1.norm.bias torch.Size([192]) True
2026-01-31 20:54: MLPE.blocks.2.linear.weight torch.Size([192, 192]) True
2026-01-31 20:54: MLPE.blocks.2.linear.bias torch.Size([192]) True
2026-01-31 20:54: MLPE.blocks.2.norm.weight torch.Size([192]) True
2026-01-31 20:54: MLPE.blocks.2.norm.bias torch.Size([192]) True
2026-01-31 20:54: MLPF.blocks.0.linear.weight torch.Size([12, 12]) True
2026-01-31 20:54: MLPF.blocks.0.linear.bias torch.Size([12]) True
2026-01-31 20:54: MLPF.blocks.0.norm.weight torch.Size([12]) True
2026-01-31 20:54: MLPF.blocks.0.norm.bias torch.Size([12]) True
2026-01-31 20:54: MLPF.blocks.1.linear.weight torch.Size([12, 12]) True
2026-01-31 20:54: MLPF.blocks.1.linear.bias torch.Size([12]) True
2026-01-31 20:54: MLPF.blocks.1.norm.weight torch.Size([12]) True
2026-01-31 20:54: MLPF.blocks.1.norm.bias torch.Size([12]) True
2026-01-31 20:54: steps_linear.weight torch.Size([6, 12]) True
2026-01-31 20:54: steps_linear.bias torch.Size([6]) True
2026-01-31 20:54: out_linear.weight torch.Size([1, 192]) True
2026-01-31 20:54: out_linear.bias torch.Size([1]) True
2026-01-31 20:54: gcn.filter_convs.0.tconv.0.weight torch.Size([4, 16, 1, 2]) True
2026-01-31 20:54: gcn.filter_convs.0.tconv.0.bias torch.Size([4]) True
2026-01-31 20:54: gcn.filter_convs.0.tconv.1.weight torch.Size([4, 16, 1, 3]) True
2026-01-31 20:54: gcn.filter_convs.0.tconv.1.bias torch.Size([4]) True
2026-01-31 20:54: gcn.filter_convs.0.tconv.2.weight torch.Size([4, 16, 1, 6]) True
2026-01-31 20:54: gcn.filter_convs.0.tconv.2.bias torch.Size([4]) True
2026-01-31 20:54: gcn.filter_convs.0.tconv.3.weight torch.Size([4, 16, 1, 7]) True
2026-01-31 20:54: gcn.filter_convs.0.tconv.3.bias torch.Size([4]) True
2026-01-31 20:54: gcn.filter_convs.1.tconv.0.weight torch.Size([4, 16, 1, 2]) True
2026-01-31 20:54: gcn.filter_convs.1.tconv.0.bias torch.Size([4]) True
2026-01-31 20:54: gcn.filter_convs.1.tconv.1.weight torch.Size([4, 16, 1, 3]) True
2026-01-31 20:54: gcn.filter_convs.1.tconv.1.bias torch.Size([4]) True
2026-01-31 20:54: gcn.filter_convs.1.tconv.2.weight torch.Size([4, 16, 1, 6]) True
2026-01-31 20:54: gcn.filter_convs.1.tconv.2.bias torch.Size([4]) True
2026-01-31 20:54: gcn.filter_convs.1.tconv.3.weight torch.Size([4, 16, 1, 7]) True
2026-01-31 20:54: gcn.filter_convs.1.tconv.3.bias torch.Size([4]) True
2026-01-31 20:54: gcn.gate_convs.0.tconv.0.weight torch.Size([4, 16, 1, 2]) True
2026-01-31 20:54: gcn.gate_convs.0.tconv.0.bias torch.Size([4]) True
2026-01-31 20:54: gcn.gate_convs.0.tconv.1.weight torch.Size([4, 16, 1, 3]) True
2026-01-31 20:54: gcn.gate_convs.0.tconv.1.bias torch.Size([4]) True
2026-01-31 20:54: gcn.gate_convs.0.tconv.2.weight torch.Size([4, 16, 1, 6]) True
2026-01-31 20:54: gcn.gate_convs.0.tconv.2.bias torch.Size([4]) True
2026-01-31 20:54: gcn.gate_convs.0.tconv.3.weight torch.Size([4, 16, 1, 7]) True
2026-01-31 20:54: gcn.gate_convs.0.tconv.3.bias torch.Size([4]) True
2026-01-31 20:54: gcn.gate_convs.1.tconv.0.weight torch.Size([4, 16, 1, 2]) True
2026-01-31 20:54: gcn.gate_convs.1.tconv.0.bias torch.Size([4]) True
2026-01-31 20:54: gcn.gate_convs.1.tconv.1.weight torch.Size([4, 16, 1, 3]) True
2026-01-31 20:54: gcn.gate_convs.1.tconv.1.bias torch.Size([4]) True
2026-01-31 20:54: gcn.gate_convs.1.tconv.2.weight torch.Size([4, 16, 1, 6]) True
2026-01-31 20:54: gcn.gate_convs.1.tconv.2.bias torch.Size([4]) True
2026-01-31 20:54: gcn.gate_convs.1.tconv.3.weight torch.Size([4, 16, 1, 7]) True
2026-01-31 20:54: gcn.gate_convs.1.tconv.3.bias torch.Size([4]) True
2026-01-31 20:54: gcn.residual_convs.0.weight torch.Size([16, 16, 1, 1]) True
2026-01-31 20:54: gcn.residual_convs.0.bias torch.Size([16]) True
2026-01-31 20:54: gcn.residual_convs.1.weight torch.Size([16, 16, 1, 1]) True
2026-01-31 20:54: gcn.residual_convs.1.bias torch.Size([16]) True
2026-01-31 20:54: gcn.skip_convs.0.weight torch.Size([32, 16, 1, 7]) True
2026-01-31 20:54: gcn.skip_convs.0.bias torch.Size([32]) True
2026-01-31 20:54: gcn.skip_convs.1.weight torch.Size([32, 16, 1, 1]) True
2026-01-31 20:54: gcn.skip_convs.1.bias torch.Size([32]) True
2026-01-31 20:54: gcn.gconv1.0.mlp.mlp.weight torch.Size([16, 48, 1, 1]) True
2026-01-31 20:54: gcn.gconv1.0.mlp.mlp.bias torch.Size([16]) True
2026-01-31 20:54: gcn.gconv1.1.mlp.mlp.weight torch.Size([16, 48, 1, 1]) True
2026-01-31 20:54: gcn.gconv1.1.mlp.mlp.bias torch.Size([16]) True
2026-01-31 20:54: gcn.gconv2.0.mlp.mlp.weight torch.Size([16, 48, 1, 1]) True
2026-01-31 20:54: gcn.gconv2.0.mlp.mlp.bias torch.Size([16]) True
2026-01-31 20:54: gcn.gconv2.1.mlp.mlp.weight torch.Size([16, 48, 1, 1]) True
2026-01-31 20:54: gcn.gconv2.1.mlp.mlp.bias torch.Size([16]) True
2026-01-31 20:54: gcn.norm.0.weight torch.Size([16, 61, 7]) True
2026-01-31 20:54: gcn.norm.0.bias torch.Size([16, 61, 7]) True
2026-01-31 20:54: gcn.norm.1.weight torch.Size([16, 61, 1]) True
2026-01-31 20:54: gcn.norm.1.bias torch.Size([16, 61, 1]) True
2026-01-31 20:54: gcn.start_conv.weight torch.Size([16, 1, 1, 1]) True
2026-01-31 20:54: gcn.start_conv.bias torch.Size([16]) True
2026-01-31 20:54: gcn.gc.emb1.weight torch.Size([61, 10]) True
2026-01-31 20:54: gcn.gc.emb2.weight torch.Size([61, 10]) True
2026-01-31 20:54: gcn.gc.lin1.weight torch.Size([10, 10]) True
2026-01-31 20:54: gcn.gc.lin1.bias torch.Size([10]) True
2026-01-31 20:54: gcn.gc.lin2.weight torch.Size([10, 10]) True
2026-01-31 20:54: gcn.gc.lin2.bias torch.Size([10]) True
2026-01-31 20:54: gcn.end_conv_1.weight torch.Size([64, 32, 1, 1]) True
2026-01-31 20:54: gcn.end_conv_1.bias torch.Size([64]) True
2026-01-31 20:54: gcn.end_conv_2.weight torch.Size([6, 64, 1, 1]) True
2026-01-31 20:54: gcn.end_conv_2.bias torch.Size([6]) True
2026-01-31 20:54: gcn.skip0.weight torch.Size([32, 1, 1, 13]) True
2026-01-31 20:54: gcn.skip0.bias torch.Size([32]) True
2026-01-31 20:54: gcn.skipE.weight torch.Size([32, 16, 1, 1]) True
2026-01-31 20:54: gcn.skipE.bias torch.Size([32]) True
2026-01-31 20:54: Total params num: 205021
2026-01-31 20:54: *****************Finish Parameter****************
2026-01-31 20:54: Train Epoch 1: 0/185 Loss: 1987.834839
2026-01-31 20:54: Train Epoch 1: 20/185 Loss: 253.062668
2026-01-31 20:54: Train Epoch 1: 40/185 Loss: 191.405075
2026-01-31 20:54: Train Epoch 1: 60/185 Loss: 170.582916
2026-01-31 20:54: Train Epoch 1: 80/185 Loss: 147.409485
2026-01-31 20:54: Train Epoch 1: 100/185 Loss: 134.112427
2026-01-31 20:54: Train Epoch 1: 120/185 Loss: 121.376526
2026-01-31 20:54: Train Epoch 1: 140/185 Loss: 113.179558
2026-01-31 20:54: Train Epoch 1: 160/185 Loss: 103.196487
2026-01-31 20:54: Train Epoch 1: 180/185 Loss: 93.553947
2026-01-31 20:54: **********Train Epoch 1: Average Loss: 197.728216
2026-01-31 20:54: **********Train Epoch 1: MAE: 198.227475 RMSE: 253.422419 MAPE: 0.947111
2026-01-31 20:54: Train Epoch 1: 0/185 Loss: 91.878052
2026-01-31 20:54: Train Epoch 1: 20/185 Loss: 84.945702
2026-01-31 20:54: Train Epoch 1: 40/185 Loss: 78.484009
2026-01-31 20:54: Train Epoch 1: 60/185 Loss: 73.745972
2026-01-31 20:54: Train Epoch 1: 80/185 Loss: 69.843452
2026-01-31 20:54: Train Epoch 1: 100/185 Loss: 65.113876
2026-01-31 20:54: Train Epoch 1: 120/185 Loss: 61.542583
2026-01-31 20:54: Train Epoch 1: 140/185 Loss: 57.422825
2026-01-31 20:55: Train Epoch 1: 160/185 Loss: 55.211365
2026-01-31 20:55: Train Epoch 1: 180/185 Loss: 51.286469
2026-01-31 20:55: **********Train Epoch 1: Average Loss: 68.452222
2026-01-31 20:55: **********Train Epoch 1: MAE: 68.950600 RMSE: 88.003163 MAPE: 0.595329
2026-01-31 20:55: Train Epoch 1: 0/185 Loss: 51.718124
2026-01-31 20:55: Train Epoch 1: 20/185 Loss: 48.567989
2026-01-31 20:55: Train Epoch 1: 40/185 Loss: 48.088882
2026-01-31 20:55: Train Epoch 1: 60/185 Loss: 45.979324
2026-01-31 20:55: Train Epoch 1: 80/185 Loss: 43.753933
2026-01-31 20:55: Train Epoch 1: 100/185 Loss: 41.199085
2026-01-31 20:55: Train Epoch 1: 120/185 Loss: 40.137108
2026-01-31 20:55: Train Epoch 1: 140/185 Loss: 38.909851
2026-01-31 20:55: Train Epoch 1: 160/185 Loss: 38.626606
2026-01-31 20:55: Train Epoch 1: 180/185 Loss: 37.780338
2026-01-31 20:55: **********Train Epoch 1: Average Loss: 43.753221
2026-01-31 20:55: **********Train Epoch 1: MAE: 44.250691 RMSE: 57.272369 MAPE: 0.443990
2026-01-31 20:55: Train Epoch 1: 0/185 Loss: 37.970757
2026-01-31 20:55: Train Epoch 1: 20/185 Loss: 36.047176
2026-01-31 20:55: Train Epoch 1: 40/185 Loss: 34.665936
2026-01-31 20:55: Train Epoch 1: 60/185 Loss: 35.315632
2026-01-31 20:55: Train Epoch 1: 80/185 Loss: 35.560993
2026-01-31 20:55: Train Epoch 1: 100/185 Loss: 32.879192
2026-01-31 20:55: Train Epoch 1: 120/185 Loss: 33.427036
2026-01-31 20:55: Train Epoch 1: 140/185 Loss: 31.531080
2026-01-31 20:56: Train Epoch 1: 160/185 Loss: 31.196854
2026-01-31 20:56: Train Epoch 1: 180/185 Loss: 34.199139
2026-01-31 20:56: **********Train Epoch 1: Average Loss: 34.095955
2026-01-31 20:56: **********Train Epoch 1: MAE: 34.592620 RMSE: 45.493579 MAPE: 0.366083
2026-01-31 20:56: **********Val Epoch 1: Average Loss: 23.373626
2026-01-31 20:56: **********Val Epoch 1: MAE: 23.868046 RMSE: 33.459798 MAPE: 0.201488
2026-01-31 20:56: *********************************Current best model saved!
